2019-03-17 13:21:31,945 [Worker-5: Loading available Gradle versions] INFO  c.g.t.t.d.PublishedGradleVersions - Gradle version information cache is up-to-date. Trying to read.
2019-03-17 13:23:44,248 [Worker-1: Creating maven-archetype-quickstart] INFO  o.e.m.c.i.p.ProjectConfigurationManager - Collecting project info '/pom.xml' C:\Users\joaov\Google Drive\raiz\atual\estudos\graduacao\20191\ine5426\tofu\tofu\pom.xml
2019-03-17 13:23:44,831 [Worker-1: Creating maven-archetype-quickstart] INFO  o.e.m.c.i.l.LifecycleMappingFactory - Using org.eclipse.m2e.jdt.JarLifecycleMapping lifecycle mapping for MavenProject: io.tofu:tofu:0.0.1 @ C:\Users\joaov\Google Drive\raiz\atual\estudos\graduacao\20191\ine5426\tofu\tofu\pom.xml.
2019-03-17 13:23:45,364 [Worker-1: Creating maven-archetype-quickstart] INFO  o.e.m.j.i.AbstractJavaProjectConfigurator - Adding source folder /tofu/src/main/java
2019-03-17 13:23:45,370 [Worker-1: Creating maven-archetype-quickstart] INFO  o.e.m.j.i.AbstractJavaProjectConfigurator - Adding source folder /tofu/src/test/java
2019-03-17 13:23:45,718 [Worker-1: Creating maven-archetype-quickstart] INFO  o.e.m.c.i.p.ProjectConfigurationManager - Imported and configured 1 project(s) in 1 sec
2019-03-17 13:23:46,486 [Worker-14: Building workspace] INFO  o.e.m.c.i.embedder.EclipseLogger - Using 'UTF-8' encoding to copy filtered resources.
2019-03-17 13:23:46,487 [Worker-14: Building workspace] INFO  o.e.m.c.i.embedder.EclipseLogger - skip non existing resourceDirectory C:\Users\joaov\Google Drive\raiz\atual\estudos\graduacao\20191\ine5426\tofu\tofu\src\main\resources
2019-03-17 13:23:46,488 [Worker-14: Building workspace] INFO  o.e.m.c.i.embedder.EclipseLogger - Using 'UTF-8' encoding to copy filtered resources.
2019-03-17 13:23:46,488 [Worker-14: Building workspace] INFO  o.e.m.c.i.embedder.EclipseLogger - skip non existing resourceDirectory C:\Users\joaov\Google Drive\raiz\atual\estudos\graduacao\20191\ine5426\tofu\tofu\src\test\resources
2019-03-17 13:27:47,704 [Worker-14: Creating maven-archetype-quickstart] INFO  o.e.m.c.i.p.ProjectConfigurationManager - Collecting project info '/pom.xml' C:\Users\joaov\Google Drive\raiz\atual\estudos\graduacao\20191\ine5426\tofu\teprl\pom.xml
2019-03-17 13:27:47,820 [Worker-14: Creating maven-archetype-quickstart] INFO  o.e.m.c.i.l.LifecycleMappingFactory - Using org.eclipse.m2e.jdt.JarLifecycleMapping lifecycle mapping for MavenProject: io.tofu:teprl:0.0.1 @ C:\Users\joaov\Google Drive\raiz\atual\estudos\graduacao\20191\ine5426\tofu\teprl\pom.xml.
2019-03-17 13:27:47,999 [Worker-14: Creating maven-archetype-quickstart] INFO  o.e.m.j.i.AbstractJavaProjectConfigurator - Adding source folder /teprl/src/main/java
2019-03-17 13:27:48,008 [Worker-14: Creating maven-archetype-quickstart] INFO  o.e.m.j.i.AbstractJavaProjectConfigurator - Adding source folder /teprl/src/test/java
2019-03-17 13:27:48,080 [Worker-14: Creating maven-archetype-quickstart] INFO  o.e.m.c.i.p.ProjectConfigurationManager - Imported and configured 1 project(s) in 0 sec
2019-03-17 13:27:48,428 [Worker-17: Building workspace] INFO  o.e.m.c.i.embedder.EclipseLogger - Using 'UTF-8' encoding to copy filtered resources.
2019-03-17 13:27:48,431 [Worker-17: Building workspace] INFO  o.e.m.c.i.embedder.EclipseLogger - skip non existing resourceDirectory C:\Users\joaov\Google Drive\raiz\atual\estudos\graduacao\20191\ine5426\tofu\teprl\src\main\resources
2019-03-17 13:27:48,433 [Worker-17: Building workspace] INFO  o.e.m.c.i.embedder.EclipseLogger - Using 'UTF-8' encoding to copy filtered resources.
2019-03-17 13:27:48,433 [Worker-17: Building workspace] INFO  o.e.m.c.i.embedder.EclipseLogger - skip non existing resourceDirectory C:\Users\joaov\Google Drive\raiz\atual\estudos\graduacao\20191\ine5426\tofu\teprl\src\test\resources
2019-03-19 13:08:23,909 [Worker-6: Loading available Gradle versions] INFO  c.g.t.t.d.PublishedGradleVersions - Gradle version information cache is out-of-date. Trying to update.
2019-03-19 13:08:38,978 [Worker-1: Building workspace] INFO  o.e.m.c.i.embedder.EclipseLogger - Using 'UTF-8' encoding to copy filtered resources.
2019-03-19 13:08:38,979 [Worker-1: Building workspace] INFO  o.e.m.c.i.embedder.EclipseLogger - skip non existing resourceDirectory C:\Users\joaov\Google Drive\raiz\atual\estudos\graduacao\20191\ine5426\tofu\teprl\src\main\resources
2019-03-19 13:08:38,980 [Worker-1: Building workspace] INFO  o.e.m.c.i.embedder.EclipseLogger - Using 'UTF-8' encoding to copy filtered resources.
2019-03-19 13:08:38,980 [Worker-1: Building workspace] INFO  o.e.m.c.i.embedder.EclipseLogger - skip non existing resourceDirectory C:\Users\joaov\Google Drive\raiz\atual\estudos\graduacao\20191\ine5426\tofu\teprl\src\test\resources
2019-03-19 13:08:40,179 [Worker-1: Building workspace] INFO  o.e.m.c.i.embedder.EclipseLogger - Using 'UTF-8' encoding to copy filtered resources.
2019-03-19 13:08:40,179 [Worker-1: Building workspace] INFO  o.e.m.c.i.embedder.EclipseLogger - skip non existing resourceDirectory C:\Users\joaov\Google Drive\raiz\atual\estudos\graduacao\20191\ine5426\tofu\tofu\src\main\resources
2019-03-19 13:08:40,180 [Worker-1: Building workspace] INFO  o.e.m.c.i.embedder.EclipseLogger - Using 'UTF-8' encoding to copy filtered resources.
2019-03-19 13:08:40,180 [Worker-1: Building workspace] INFO  o.e.m.c.i.embedder.EclipseLogger - skip non existing resourceDirectory C:\Users\joaov\Google Drive\raiz\atual\estudos\graduacao\20191\ine5426\tofu\tofu\src\test\resources
2019-03-19 19:57:04,984 [Worker-10: Loading available Gradle versions] INFO  c.g.t.t.d.PublishedGradleVersions - Gradle version information cache is up-to-date. Trying to read.
2019-03-19 20:01:37,471 [Worker-7: Loading available Gradle versions] INFO  c.g.t.t.d.PublishedGradleVersions - Gradle version information cache is up-to-date. Trying to read.
2019-03-19 20:02:37,188 [Worker-5: Creating project "tepc"] INFO  o.e.m.c.i.l.LifecycleMappingFactory - Using org.eclipse.m2e.jdt.JarLifecycleMapping lifecycle mapping for MavenProject: io.tofu:tepc:0.0.1 @ C:\Users\joaov\Google Drive\raiz\atual\estudos\graduacao\20191\ine5426\tofu\tepc\pom.xml.
2019-03-19 20:02:39,532 [Worker-5: Creating project "tepc"] INFO  o.e.m.j.i.AbstractJavaProjectConfigurator - Adding source folder /tepc/src/main/java
2019-03-19 20:02:39,533 [Worker-5: Creating project "tepc"] INFO  o.e.m.j.i.AbstractJavaProjectConfigurator - Adding resource folder /tepc/src/main/resources
2019-03-19 20:02:39,534 [Worker-5: Creating project "tepc"] INFO  o.e.m.j.i.AbstractJavaProjectConfigurator - Adding source folder /tepc/src/test/java
2019-03-19 20:02:39,534 [Worker-5: Creating project "tepc"] INFO  o.e.m.j.i.AbstractJavaProjectConfigurator - Adding resource folder /tepc/src/test/resources
2019-03-19 20:02:40,743 [Worker-5: Building workspace] WARN  o.e.m.c.i.embedder.EclipseLogger - Using platform encoding (Cp1252 actually) to copy filtered resources, i.e. build is platform dependent!
2019-03-19 20:02:40,751 [Worker-5: Building workspace] INFO  o.e.m.c.i.embedder.EclipseLogger - Copying 0 resource
2019-03-19 20:02:40,752 [Worker-5: Building workspace] WARN  o.e.m.c.i.embedder.EclipseLogger - Using platform encoding (Cp1252 actually) to copy filtered resources, i.e. build is platform dependent!
2019-03-19 20:02:40,757 [Worker-5: Building workspace] INFO  o.e.m.c.i.embedder.EclipseLogger - Copying 0 resource
2019-03-19 20:07:02,671 [Worker-18: Creating maven-archetype-quickstart] INFO  o.e.m.c.i.p.ProjectConfigurationManager - Collecting project info '/pom.xml' C:\Users\joaov\Google Drive\raiz\atual\estudos\graduacao\20191\ine5426\tofu\tepc\pom.xml
2019-03-19 20:07:03,030 [Worker-18: Creating maven-archetype-quickstart] INFO  o.e.m.c.i.l.LifecycleMappingFactory - Using org.eclipse.m2e.jdt.JarLifecycleMapping lifecycle mapping for MavenProject: io.tofu:tepc:0.0.1 @ C:\Users\joaov\Google Drive\raiz\atual\estudos\graduacao\20191\ine5426\tofu\tepc\pom.xml.
2019-03-19 20:07:03,509 [Worker-18: Creating maven-archetype-quickstart] INFO  o.e.m.j.i.AbstractJavaProjectConfigurator - Adding source folder /tepc/src/main/java
2019-03-19 20:07:03,509 [Worker-18: Creating maven-archetype-quickstart] INFO  o.e.m.j.i.AbstractJavaProjectConfigurator - Adding source folder /tepc/src/test/java
2019-03-19 20:07:03,587 [Worker-18: Creating maven-archetype-quickstart] INFO  o.e.m.c.i.p.ProjectConfigurationManager - Imported and configured 1 project(s) in 0 sec
2019-03-19 20:07:04,165 [Worker-5: Building workspace] INFO  o.e.m.c.i.embedder.EclipseLogger - Using 'UTF-8' encoding to copy filtered resources.
2019-03-19 20:07:04,176 [Worker-5: Building workspace] INFO  o.e.m.c.i.embedder.EclipseLogger - skip non existing resourceDirectory C:\Users\joaov\Google Drive\raiz\atual\estudos\graduacao\20191\ine5426\tofu\tepc\src\main\resources
2019-03-19 20:07:04,178 [Worker-5: Building workspace] INFO  o.e.m.c.i.embedder.EclipseLogger - Using 'UTF-8' encoding to copy filtered resources.
2019-03-19 20:07:04,178 [Worker-5: Building workspace] INFO  o.e.m.c.i.embedder.EclipseLogger - skip non existing resourceDirectory C:\Users\joaov\Google Drive\raiz\atual\estudos\graduacao\20191\ine5426\tofu\tepc\src\test\resources
2019-03-19 20:07:28,919 [Worker-20: Creating maven-archetype-quickstart] INFO  o.e.m.c.i.p.ProjectConfigurationManager - Collecting project info '/pom.xml' C:\Users\joaov\Google Drive\raiz\atual\estudos\graduacao\20191\ine5426\tofu\teprl\pom.xml
2019-03-19 20:07:28,982 [Worker-20: Creating maven-archetype-quickstart] INFO  o.e.m.c.i.l.LifecycleMappingFactory - Using org.eclipse.m2e.jdt.JarLifecycleMapping lifecycle mapping for MavenProject: io.tofu:teprl:0.0.1 @ C:\Users\joaov\Google Drive\raiz\atual\estudos\graduacao\20191\ine5426\tofu\teprl\pom.xml.
2019-03-19 20:07:29,154 [Worker-20: Creating maven-archetype-quickstart] INFO  o.e.m.j.i.AbstractJavaProjectConfigurator - Adding source folder /teprl/src/main/java
2019-03-19 20:07:29,154 [Worker-20: Creating maven-archetype-quickstart] INFO  o.e.m.j.i.AbstractJavaProjectConfigurator - Adding source folder /teprl/src/test/java
2019-03-19 20:07:29,216 [Worker-20: Creating maven-archetype-quickstart] INFO  o.e.m.c.i.p.ProjectConfigurationManager - Imported and configured 1 project(s) in 0 sec
2019-03-19 20:07:29,545 [Worker-17: Building workspace] INFO  o.e.m.c.i.embedder.EclipseLogger - Using 'UTF-8' encoding to copy filtered resources.
2019-03-19 20:07:29,545 [Worker-17: Building workspace] INFO  o.e.m.c.i.embedder.EclipseLogger - skip non existing resourceDirectory C:\Users\joaov\Google Drive\raiz\atual\estudos\graduacao\20191\ine5426\tofu\teprl\src\main\resources
2019-03-19 20:07:29,561 [Worker-17: Building workspace] INFO  o.e.m.c.i.embedder.EclipseLogger - Using 'UTF-8' encoding to copy filtered resources.
2019-03-19 20:07:29,561 [Worker-17: Building workspace] INFO  o.e.m.c.i.embedder.EclipseLogger - skip non existing resourceDirectory C:\Users\joaov\Google Drive\raiz\atual\estudos\graduacao\20191\ine5426\tofu\teprl\src\test\resources
2019-03-19 20:07:55,936 [Worker-20: Creating maven-archetype-quickstart] INFO  o.e.m.c.i.p.ProjectConfigurationManager - Collecting project info '/pom.xml' C:\Users\joaov\Google Drive\raiz\atual\estudos\graduacao\20191\ine5426\tofu\tepal\pom.xml
2019-03-19 20:07:55,998 [Worker-20: Creating maven-archetype-quickstart] INFO  o.e.m.c.i.l.LifecycleMappingFactory - Using org.eclipse.m2e.jdt.JarLifecycleMapping lifecycle mapping for MavenProject: io.tofu:tepal:0.0.1-SNAPSHOT @ C:\Users\joaov\Google Drive\raiz\atual\estudos\graduacao\20191\ine5426\tofu\tepal\pom.xml.
2019-03-19 20:07:56,155 [Worker-20: Creating maven-archetype-quickstart] INFO  o.e.m.j.i.AbstractJavaProjectConfigurator - Adding source folder /tepal/src/main/java
2019-03-19 20:07:56,155 [Worker-20: Creating maven-archetype-quickstart] INFO  o.e.m.j.i.AbstractJavaProjectConfigurator - Adding source folder /tepal/src/test/java
2019-03-19 20:07:56,217 [Worker-20: Creating maven-archetype-quickstart] INFO  o.e.m.c.i.p.ProjectConfigurationManager - Imported and configured 1 project(s) in 0 sec
2019-03-19 20:07:56,556 [Worker-17: Building workspace] INFO  o.e.m.c.i.embedder.EclipseLogger - Using 'UTF-8' encoding to copy filtered resources.
2019-03-19 20:07:56,556 [Worker-17: Building workspace] INFO  o.e.m.c.i.embedder.EclipseLogger - skip non existing resourceDirectory C:\Users\joaov\Google Drive\raiz\atual\estudos\graduacao\20191\ine5426\tofu\tepal\src\main\resources
2019-03-19 20:07:56,556 [Worker-17: Building workspace] INFO  o.e.m.c.i.embedder.EclipseLogger - Using 'UTF-8' encoding to copy filtered resources.
2019-03-19 20:07:56,556 [Worker-17: Building workspace] INFO  o.e.m.c.i.embedder.EclipseLogger - skip non existing resourceDirectory C:\Users\joaov\Google Drive\raiz\atual\estudos\graduacao\20191\ine5426\tofu\tepal\src\test\resources
2019-03-19 20:25:59,876 [Worker-20: Building workspace] INFO  o.e.m.c.i.embedder.EclipseLogger - Using 'UTF-8' encoding to copy filtered resources.
2019-03-19 20:25:59,876 [Worker-20: Building workspace] INFO  o.e.m.c.i.embedder.EclipseLogger - skip non existing resourceDirectory C:\Users\joaov\Google Drive\raiz\atual\estudos\graduacao\20191\ine5426\tofu\tepal\src\main\resources
2019-03-19 20:25:59,876 [Worker-20: Building workspace] INFO  o.e.m.c.i.embedder.EclipseLogger - Using 'UTF-8' encoding to copy filtered resources.
2019-03-19 20:25:59,876 [Worker-20: Building workspace] INFO  o.e.m.c.i.embedder.EclipseLogger - skip non existing resourceDirectory C:\Users\joaov\Google Drive\raiz\atual\estudos\graduacao\20191\ine5426\tofu\tepal\src\test\resources
2019-03-19 20:25:59,892 [Worker-20: Building workspace] INFO  o.e.m.c.i.embedder.EclipseLogger - Using 'UTF-8' encoding to copy filtered resources.
2019-03-19 20:25:59,892 [Worker-20: Building workspace] INFO  o.e.m.c.i.embedder.EclipseLogger - skip non existing resourceDirectory C:\Users\joaov\Google Drive\raiz\atual\estudos\graduacao\20191\ine5426\tofu\tepc\src\main\resources
2019-03-19 20:25:59,892 [Worker-20: Building workspace] INFO  o.e.m.c.i.embedder.EclipseLogger - Using 'UTF-8' encoding to copy filtered resources.
2019-03-19 20:25:59,907 [Worker-20: Building workspace] INFO  o.e.m.c.i.embedder.EclipseLogger - skip non existing resourceDirectory C:\Users\joaov\Google Drive\raiz\atual\estudos\graduacao\20191\ine5426\tofu\tepc\src\test\resources
2019-03-19 20:25:59,907 [Worker-20: Building workspace] INFO  o.e.m.c.i.embedder.EclipseLogger - Using 'UTF-8' encoding to copy filtered resources.
2019-03-19 20:25:59,907 [Worker-20: Building workspace] INFO  o.e.m.c.i.embedder.EclipseLogger - skip non existing resourceDirectory C:\Users\joaov\Google Drive\raiz\atual\estudos\graduacao\20191\ine5426\tofu\teprl\src\main\resources
2019-03-19 20:25:59,907 [Worker-20: Building workspace] INFO  o.e.m.c.i.embedder.EclipseLogger - Using 'UTF-8' encoding to copy filtered resources.
2019-03-19 20:25:59,907 [Worker-20: Building workspace] INFO  o.e.m.c.i.embedder.EclipseLogger - skip non existing resourceDirectory C:\Users\joaov\Google Drive\raiz\atual\estudos\graduacao\20191\ine5426\tofu\teprl\src\test\resources
2019-03-19 20:26:21,022 [Worker-10: Building workspace] INFO  o.e.m.c.i.embedder.EclipseLogger - Using 'UTF-8' encoding to copy filtered resources.
2019-03-19 20:26:21,022 [Worker-10: Building workspace] INFO  o.e.m.c.i.embedder.EclipseLogger - skip non existing resourceDirectory C:\Users\joaov\Google Drive\raiz\atual\estudos\graduacao\20191\ine5426\tofu\tepal\src\main\resources
2019-03-19 20:26:21,022 [Worker-10: Building workspace] INFO  o.e.m.c.i.embedder.EclipseLogger - Using 'UTF-8' encoding to copy filtered resources.
2019-03-19 20:26:21,022 [Worker-10: Building workspace] INFO  o.e.m.c.i.embedder.EclipseLogger - skip non existing resourceDirectory C:\Users\joaov\Google Drive\raiz\atual\estudos\graduacao\20191\ine5426\tofu\tepal\src\test\resources
2019-03-19 20:27:00,880 [Worker-22: Building workspace] INFO  o.e.m.c.i.embedder.EclipseLogger - Using 'UTF-8' encoding to copy filtered resources.
2019-03-19 20:27:00,880 [Worker-22: Building workspace] INFO  o.e.m.c.i.embedder.EclipseLogger - skip non existing resourceDirectory C:\Users\joaov\Google Drive\raiz\atual\estudos\graduacao\20191\ine5426\tofu\tepal\src\main\resources
2019-03-19 20:27:00,880 [Worker-22: Building workspace] INFO  o.e.m.c.i.embedder.EclipseLogger - Using 'UTF-8' encoding to copy filtered resources.
2019-03-19 20:27:00,880 [Worker-22: Building workspace] INFO  o.e.m.c.i.embedder.EclipseLogger - skip non existing resourceDirectory C:\Users\joaov\Google Drive\raiz\atual\estudos\graduacao\20191\ine5426\tofu\tepal\src\test\resources
2019-03-19 20:28:23,403 [Worker-17: Building workspace] INFO  o.e.m.c.i.embedder.EclipseLogger - Using 'UTF-8' encoding to copy filtered resources.
2019-03-19 20:28:23,403 [Worker-17: Building workspace] INFO  o.e.m.c.i.embedder.EclipseLogger - skip non existing resourceDirectory C:\Users\joaov\Google Drive\raiz\atual\estudos\graduacao\20191\ine5426\tofu\tepal\src\main\resources
2019-03-19 20:28:23,403 [Worker-17: Building workspace] INFO  o.e.m.c.i.embedder.EclipseLogger - Using 'UTF-8' encoding to copy filtered resources.
2019-03-19 20:28:23,403 [Worker-17: Building workspace] INFO  o.e.m.c.i.embedder.EclipseLogger - skip non existing resourceDirectory C:\Users\joaov\Google Drive\raiz\atual\estudos\graduacao\20191\ine5426\tofu\tepal\src\test\resources
2019-03-19 20:32:33,403 [Worker-20: Creating maven-archetype-quickstart] INFO  o.e.m.c.i.p.ProjectConfigurationManager - Collecting project info '/pom.xml' C:\Users\joaov\Google Drive\raiz\atual\estudos\graduacao\20191\ine5426\tofu\commons\pom.xml
2019-03-19 20:32:33,500 [Worker-20: Creating maven-archetype-quickstart] INFO  o.e.m.c.i.l.LifecycleMappingFactory - Using org.eclipse.m2e.jdt.JarLifecycleMapping lifecycle mapping for MavenProject: io.tofu:commons:0.0.1 @ C:\Users\joaov\Google Drive\raiz\atual\estudos\graduacao\20191\ine5426\tofu\commons\pom.xml.
2019-03-19 20:32:33,654 [Worker-20: Creating maven-archetype-quickstart] INFO  o.e.m.j.i.AbstractJavaProjectConfigurator - Adding source folder /commons/src/main/java
2019-03-19 20:32:33,670 [Worker-20: Creating maven-archetype-quickstart] INFO  o.e.m.j.i.AbstractJavaProjectConfigurator - Adding source folder /commons/src/test/java
2019-03-19 20:32:33,732 [Worker-20: Creating maven-archetype-quickstart] INFO  o.e.m.c.i.p.ProjectConfigurationManager - Imported and configured 1 project(s) in 0 sec
2019-03-19 20:32:34,030 [Worker-26: Building workspace] INFO  o.e.m.c.i.embedder.EclipseLogger - Using 'UTF-8' encoding to copy filtered resources.
2019-03-19 20:32:34,030 [Worker-26: Building workspace] INFO  o.e.m.c.i.embedder.EclipseLogger - skip non existing resourceDirectory C:\Users\joaov\Google Drive\raiz\atual\estudos\graduacao\20191\ine5426\tofu\commons\src\main\resources
2019-03-19 20:32:34,035 [Worker-26: Building workspace] INFO  o.e.m.c.i.embedder.EclipseLogger - Using 'UTF-8' encoding to copy filtered resources.
2019-03-19 20:32:34,035 [Worker-26: Building workspace] INFO  o.e.m.c.i.embedder.EclipseLogger - skip non existing resourceDirectory C:\Users\joaov\Google Drive\raiz\atual\estudos\graduacao\20191\ine5426\tofu\commons\src\test\resources
2019-03-19 20:32:47,867 [Worker-20: Building workspace] INFO  o.e.m.c.i.l.LifecycleMappingFactory - Using org.eclipse.m2e.jdt.JarLifecycleMapping lifecycle mapping for MavenProject: io.tofu:tepal:0.0.1 @ C:\Users\joaov\Google Drive\raiz\atual\estudos\graduacao\20191\ine5426\tofu\tepal\pom.xml.
2019-03-19 20:32:48,032 [Worker-20: Building workspace] INFO  o.e.m.c.i.embedder.EclipseLogger - Using 'UTF-8' encoding to copy filtered resources.
2019-03-19 20:32:48,032 [Worker-20: Building workspace] INFO  o.e.m.c.i.embedder.EclipseLogger - skip non existing resourceDirectory C:\Users\joaov\Google Drive\raiz\atual\estudos\graduacao\20191\ine5426\tofu\tepal\src\main\resources
2019-03-19 20:32:48,032 [Worker-20: Building workspace] INFO  o.e.m.c.i.embedder.EclipseLogger - Using 'UTF-8' encoding to copy filtered resources.
2019-03-19 20:32:48,047 [Worker-20: Building workspace] INFO  o.e.m.c.i.embedder.EclipseLogger - skip non existing resourceDirectory C:\Users\joaov\Google Drive\raiz\atual\estudos\graduacao\20191\ine5426\tofu\tepal\src\test\resources
2019-03-19 20:33:55,708 [Worker-26: Building workspace] INFO  o.e.m.c.i.embedder.EclipseLogger - Using 'UTF-8' encoding to copy filtered resources.
2019-03-19 20:33:55,708 [Worker-26: Building workspace] INFO  o.e.m.c.i.embedder.EclipseLogger - skip non existing resourceDirectory C:\Users\joaov\Google Drive\raiz\atual\estudos\graduacao\20191\ine5426\tofu\tepal\src\main\resources
2019-03-19 20:33:55,723 [Worker-26: Building workspace] INFO  o.e.m.c.i.embedder.EclipseLogger - Using 'UTF-8' encoding to copy filtered resources.
2019-03-19 20:33:55,723 [Worker-26: Building workspace] INFO  o.e.m.c.i.embedder.EclipseLogger - skip non existing resourceDirectory C:\Users\joaov\Google Drive\raiz\atual\estudos\graduacao\20191\ine5426\tofu\tepal\src\test\resources
2019-03-19 20:45:34,684 [Worker-22: Building workspace] INFO  o.e.m.c.i.embedder.EclipseLogger - Using 'UTF-8' encoding to copy filtered resources.
2019-03-19 20:45:34,684 [Worker-22: Building workspace] INFO  o.e.m.c.i.embedder.EclipseLogger - skip non existing resourceDirectory C:\Users\joaov\Google Drive\raiz\atual\estudos\graduacao\20191\ine5426\tofu\commons\src\main\resources
2019-03-19 20:45:34,684 [Worker-22: Building workspace] INFO  o.e.m.c.i.embedder.EclipseLogger - Using 'UTF-8' encoding to copy filtered resources.
2019-03-19 20:45:34,700 [Worker-22: Building workspace] INFO  o.e.m.c.i.embedder.EclipseLogger - skip non existing resourceDirectory C:\Users\joaov\Google Drive\raiz\atual\estudos\graduacao\20191\ine5426\tofu\commons\src\test\resources
2019-03-19 20:45:46,947 [Worker-20: Building workspace] INFO  o.e.m.c.i.embedder.EclipseLogger - Using 'UTF-8' encoding to copy filtered resources.
2019-03-19 20:45:46,947 [Worker-20: Building workspace] INFO  o.e.m.c.i.embedder.EclipseLogger - skip non existing resourceDirectory C:\Users\joaov\Google Drive\raiz\atual\estudos\graduacao\20191\ine5426\tofu\commons\src\main\resources
2019-03-19 20:45:46,947 [Worker-20: Building workspace] INFO  o.e.m.c.i.embedder.EclipseLogger - Using 'UTF-8' encoding to copy filtered resources.
2019-03-19 20:45:46,962 [Worker-20: Building workspace] INFO  o.e.m.c.i.embedder.EclipseLogger - skip non existing resourceDirectory C:\Users\joaov\Google Drive\raiz\atual\estudos\graduacao\20191\ine5426\tofu\commons\src\test\resources
2019-03-19 20:46:10,498 [Worker-22: Building workspace] INFO  o.e.m.c.i.embedder.EclipseLogger - Using 'UTF-8' encoding to copy filtered resources.
2019-03-19 20:46:10,498 [Worker-22: Building workspace] INFO  o.e.m.c.i.embedder.EclipseLogger - skip non existing resourceDirectory C:\Users\joaov\Google Drive\raiz\atual\estudos\graduacao\20191\ine5426\tofu\commons\src\main\resources
2019-03-19 20:46:10,514 [Worker-22: Building workspace] INFO  o.e.m.c.i.embedder.EclipseLogger - Using 'UTF-8' encoding to copy filtered resources.
2019-03-19 20:46:10,514 [Worker-22: Building workspace] INFO  o.e.m.c.i.embedder.EclipseLogger - skip non existing resourceDirectory C:\Users\joaov\Google Drive\raiz\atual\estudos\graduacao\20191\ine5426\tofu\commons\src\test\resources
2019-03-19 20:46:17,790 [Worker-20: Building workspace] INFO  o.e.m.c.i.embedder.EclipseLogger - Using 'UTF-8' encoding to copy filtered resources.
2019-03-19 20:46:17,790 [Worker-20: Building workspace] INFO  o.e.m.c.i.embedder.EclipseLogger - skip non existing resourceDirectory C:\Users\joaov\Google Drive\raiz\atual\estudos\graduacao\20191\ine5426\tofu\commons\src\main\resources
2019-03-19 20:46:17,806 [Worker-20: Building workspace] INFO  o.e.m.c.i.embedder.EclipseLogger - Using 'UTF-8' encoding to copy filtered resources.
2019-03-19 20:46:17,806 [Worker-20: Building workspace] INFO  o.e.m.c.i.embedder.EclipseLogger - skip non existing resourceDirectory C:\Users\joaov\Google Drive\raiz\atual\estudos\graduacao\20191\ine5426\tofu\commons\src\test\resources
2019-03-19 20:46:44,852 [Worker-28: Building workspace] INFO  o.e.m.c.i.embedder.EclipseLogger - Using 'UTF-8' encoding to copy filtered resources.
2019-03-19 20:46:44,852 [Worker-28: Building workspace] INFO  o.e.m.c.i.embedder.EclipseLogger - skip non existing resourceDirectory C:\Users\joaov\Google Drive\raiz\atual\estudos\graduacao\20191\ine5426\tofu\commons\src\main\resources
2019-03-19 20:46:44,868 [Worker-28: Building workspace] INFO  o.e.m.c.i.embedder.EclipseLogger - Using 'UTF-8' encoding to copy filtered resources.
2019-03-19 20:46:44,868 [Worker-28: Building workspace] INFO  o.e.m.c.i.embedder.EclipseLogger - skip non existing resourceDirectory C:\Users\joaov\Google Drive\raiz\atual\estudos\graduacao\20191\ine5426\tofu\commons\src\test\resources
2019-03-19 20:46:52,315 [Worker-29: Building workspace] INFO  o.e.m.c.i.embedder.EclipseLogger - Using 'UTF-8' encoding to copy filtered resources.
2019-03-19 20:46:52,315 [Worker-29: Building workspace] INFO  o.e.m.c.i.embedder.EclipseLogger - skip non existing resourceDirectory C:\Users\joaov\Google Drive\raiz\atual\estudos\graduacao\20191\ine5426\tofu\commons\src\main\resources
2019-03-19 20:46:52,331 [Worker-29: Building workspace] INFO  o.e.m.c.i.embedder.EclipseLogger - Using 'UTF-8' encoding to copy filtered resources.
2019-03-19 20:46:52,331 [Worker-29: Building workspace] INFO  o.e.m.c.i.embedder.EclipseLogger - skip non existing resourceDirectory C:\Users\joaov\Google Drive\raiz\atual\estudos\graduacao\20191\ine5426\tofu\commons\src\test\resources
2019-03-19 20:47:32,203 [Worker-29: Building workspace] INFO  o.e.m.c.i.embedder.EclipseLogger - Using 'UTF-8' encoding to copy filtered resources.
2019-03-19 20:47:32,203 [Worker-29: Building workspace] INFO  o.e.m.c.i.embedder.EclipseLogger - skip non existing resourceDirectory C:\Users\joaov\Google Drive\raiz\atual\estudos\graduacao\20191\ine5426\tofu\commons\src\main\resources
2019-03-19 20:47:32,203 [Worker-29: Building workspace] INFO  o.e.m.c.i.embedder.EclipseLogger - Using 'UTF-8' encoding to copy filtered resources.
2019-03-19 20:47:32,203 [Worker-29: Building workspace] INFO  o.e.m.c.i.embedder.EclipseLogger - skip non existing resourceDirectory C:\Users\joaov\Google Drive\raiz\atual\estudos\graduacao\20191\ine5426\tofu\commons\src\test\resources
2019-03-19 20:47:39,134 [Worker-22: Building workspace] INFO  o.e.m.c.i.embedder.EclipseLogger - Using 'UTF-8' encoding to copy filtered resources.
2019-03-19 20:47:39,134 [Worker-22: Building workspace] INFO  o.e.m.c.i.embedder.EclipseLogger - skip non existing resourceDirectory C:\Users\joaov\Google Drive\raiz\atual\estudos\graduacao\20191\ine5426\tofu\commons\src\main\resources
2019-03-19 20:47:39,134 [Worker-22: Building workspace] INFO  o.e.m.c.i.embedder.EclipseLogger - Using 'UTF-8' encoding to copy filtered resources.
2019-03-19 20:47:39,134 [Worker-22: Building workspace] INFO  o.e.m.c.i.embedder.EclipseLogger - skip non existing resourceDirectory C:\Users\joaov\Google Drive\raiz\atual\estudos\graduacao\20191\ine5426\tofu\commons\src\test\resources
2019-03-19 20:49:17,825 [Worker-30: Building workspace] INFO  o.e.m.c.i.l.LifecycleMappingFactory - Using org.eclipse.m2e.jdt.JarLifecycleMapping lifecycle mapping for MavenProject: io.tofu:tepal:0.0.1 @ C:\Users\joaov\Google Drive\raiz\atual\estudos\graduacao\20191\ine5426\tofu\tepal\pom.xml.
2019-03-19 20:49:17,840 [Worker-30: Building workspace] INFO  o.e.m.c.i.p.WorkspaceClassifierResolverManager - Resolving P/commons: io.tofu:commons:0.0.1 with classifier  to /commons/target/classes
2019-03-19 20:49:17,920 [Worker-30: Building workspace] INFO  o.e.m.c.i.embedder.EclipseLogger - Using 'UTF-8' encoding to copy filtered resources.
2019-03-19 20:49:17,920 [Worker-30: Building workspace] INFO  o.e.m.c.i.embedder.EclipseLogger - skip non existing resourceDirectory C:\Users\joaov\Google Drive\raiz\atual\estudos\graduacao\20191\ine5426\tofu\tepal\src\main\resources
2019-03-19 20:49:17,920 [Worker-30: Building workspace] INFO  o.e.m.c.i.embedder.EclipseLogger - Using 'UTF-8' encoding to copy filtered resources.
2019-03-19 20:49:17,920 [Worker-30: Building workspace] INFO  o.e.m.c.i.embedder.EclipseLogger - skip non existing resourceDirectory C:\Users\joaov\Google Drive\raiz\atual\estudos\graduacao\20191\ine5426\tofu\tepal\src\test\resources
2019-03-19 20:49:19,106 [Worker-23: Building workspace] INFO  o.e.m.c.i.p.WorkspaceClassifierResolverManager - Resolving P/commons: io.tofu:commons:0.0.1 with classifier  to /commons/target/classes
2019-03-19 20:49:19,110 [Worker-23: Building workspace] INFO  o.e.m.c.i.embedder.EclipseLogger - Using 'UTF-8' encoding to copy filtered resources.
2019-03-19 20:49:19,110 [Worker-23: Building workspace] INFO  o.e.m.c.i.embedder.EclipseLogger - skip non existing resourceDirectory C:\Users\joaov\Google Drive\raiz\atual\estudos\graduacao\20191\ine5426\tofu\tepal\src\main\resources
2019-03-19 20:49:19,110 [Worker-23: Building workspace] INFO  o.e.m.c.i.embedder.EclipseLogger - Using 'UTF-8' encoding to copy filtered resources.
2019-03-19 20:49:19,110 [Worker-23: Building workspace] INFO  o.e.m.c.i.embedder.EclipseLogger - skip non existing resourceDirectory C:\Users\joaov\Google Drive\raiz\atual\estudos\graduacao\20191\ine5426\tofu\tepal\src\test\resources
2019-03-19 20:49:54,955 [Worker-22: Building workspace] INFO  o.e.m.c.i.l.LifecycleMappingFactory - Using org.eclipse.m2e.jdt.JarLifecycleMapping lifecycle mapping for MavenProject: io.tofu:tepal:0.0.1 @ C:\Users\joaov\Google Drive\raiz\atual\estudos\graduacao\20191\ine5426\tofu\tepal\pom.xml.
2019-03-19 20:49:55,739 [Worker-22: Building workspace] INFO  o.e.m.c.i.e.AbstractTransferListenerAdapter - Downloading https://repo.maven.apache.org/maven2/com/github/lucarosellini/rJava/JRI/0.9-7/JRI-0.9-7.pom
2019-03-19 20:49:55,911 [Worker-22: Building workspace] INFO  o.e.m.c.i.e.AbstractTransferListenerAdapter - Downloaded https://repo.maven.apache.org/maven2/com/github/lucarosellini/rJava/JRI/0.9-7/JRI-0.9-7.pom
2019-03-19 20:49:55,926 [Worker-22: Building workspace] INFO  o.e.m.c.i.p.WorkspaceClassifierResolverManager - Resolving P/commons: io.tofu:commons:0.0.1 with classifier  to /commons/target/classes
2019-03-19 20:49:56,107 [Worker-22: Building workspace] INFO  o.e.m.c.i.e.AbstractTransferListenerAdapter - Downloading https://repo.maven.apache.org/maven2/com/github/lucarosellini/rJava/JRI/0.9-7/JRI-0.9-7.jar
2019-03-19 20:49:56,586 [Worker-22: Building workspace] INFO  o.e.m.c.i.e.AbstractTransferListenerAdapter - Downloaded https://repo.maven.apache.org/maven2/com/github/lucarosellini/rJava/JRI/0.9-7/JRI-0.9-7.jar
2019-03-19 20:49:56,898 [Worker-22: Building workspace] INFO  o.e.m.c.i.embedder.EclipseLogger - Using 'UTF-8' encoding to copy filtered resources.
2019-03-19 20:49:56,898 [Worker-22: Building workspace] INFO  o.e.m.c.i.embedder.EclipseLogger - skip non existing resourceDirectory C:\Users\joaov\Google Drive\raiz\atual\estudos\graduacao\20191\ine5426\tofu\tepal\src\main\resources
2019-03-19 20:49:56,898 [Worker-22: Building workspace] INFO  o.e.m.c.i.embedder.EclipseLogger - Using 'UTF-8' encoding to copy filtered resources.
2019-03-19 20:49:56,898 [Worker-22: Building workspace] INFO  o.e.m.c.i.embedder.EclipseLogger - skip non existing resourceDirectory C:\Users\joaov\Google Drive\raiz\atual\estudos\graduacao\20191\ine5426\tofu\tepal\src\test\resources
2019-03-19 20:49:57,902 [Worker-31: Download sources and javadoc] INFO  o.e.m.c.i.p.WorkspaceClassifierResolverManager - Resolving P/commons: io.tofu:commons:0.0.1 with classifier  to /commons/target/classes
2019-03-19 20:49:58,074 [Worker-30: Building workspace] INFO  o.e.m.c.i.embedder.EclipseLogger - Using 'UTF-8' encoding to copy filtered resources.
2019-03-19 20:49:58,074 [Worker-30: Building workspace] INFO  o.e.m.c.i.embedder.EclipseLogger - skip non existing resourceDirectory C:\Users\joaov\Google Drive\raiz\atual\estudos\graduacao\20191\ine5426\tofu\tepal\src\main\resources
2019-03-19 20:49:58,074 [Worker-30: Building workspace] INFO  o.e.m.c.i.embedder.EclipseLogger - Using 'UTF-8' encoding to copy filtered resources.
2019-03-19 20:49:58,074 [Worker-30: Building workspace] INFO  o.e.m.c.i.embedder.EclipseLogger - skip non existing resourceDirectory C:\Users\joaov\Google Drive\raiz\atual\estudos\graduacao\20191\ine5426\tofu\tepal\src\test\resources
2019-03-19 20:49:58,459 [Worker-31: Download sources and javadoc] INFO  o.e.m.c.i.e.AbstractTransferListenerAdapter - Downloading https://repo.maven.apache.org/maven2/com/github/lucarosellini/rJava/JRI/0.9-7/JRI-0.9-7-sources.jar
2019-03-19 20:49:58,797 [Worker-31: Download sources and javadoc] INFO  o.e.m.c.i.e.AbstractTransferListenerAdapter - Downloaded https://repo.maven.apache.org/maven2/com/github/lucarosellini/rJava/JRI/0.9-7/JRI-0.9-7-sources.jar
2019-03-19 20:49:58,984 [Worker-31: Download sources and javadoc] INFO  o.e.m.j.internal.DownloadSourcesJob - Downloaded sources for com.github.lucarosellini.rJava:JRI:0.9-7
2019-03-19 20:49:59,157 [Worker-29: Building workspace] INFO  o.e.m.c.i.embedder.EclipseLogger - Using 'UTF-8' encoding to copy filtered resources.
2019-03-19 20:49:59,157 [Worker-29: Building workspace] INFO  o.e.m.c.i.embedder.EclipseLogger - skip non existing resourceDirectory C:\Users\joaov\Google Drive\raiz\atual\estudos\graduacao\20191\ine5426\tofu\tepal\src\main\resources
2019-03-19 20:49:59,157 [Worker-29: Building workspace] INFO  o.e.m.c.i.embedder.EclipseLogger - Using 'UTF-8' encoding to copy filtered resources.
2019-03-19 20:49:59,157 [Worker-29: Building workspace] INFO  o.e.m.c.i.embedder.EclipseLogger - skip non existing resourceDirectory C:\Users\joaov\Google Drive\raiz\atual\estudos\graduacao\20191\ine5426\tofu\tepal\src\test\resources
2019-03-19 20:50:15,618 [Worker-30: Building workspace] ERROR o.e.m.c.i.p.r.ProjectRegistryManager - Could not read pom.xml
org.eclipse.core.runtime.CoreException: Could not read pom.xml
	at org.eclipse.m2e.core.internal.embedder.MavenImpl.readModel(MavenImpl.java:565) ~[org.eclipse.m2e.core_1.9.0.20180606-2036.jar:na]
	at org.eclipse.m2e.core.internal.embedder.MavenImpl.readModel(MavenImpl.java:574) ~[org.eclipse.m2e.core_1.9.0.20180606-2036.jar:na]
	at org.eclipse.m2e.core.internal.project.registry.ProjectRegistryManager.refreshPhase2(ProjectRegistryManager.java:542) [org.eclipse.m2e.core_1.9.0.20180606-2036.jar:na]
	at org.eclipse.m2e.core.internal.project.registry.ProjectRegistryManager.refresh(ProjectRegistryManager.java:498) [org.eclipse.m2e.core_1.9.0.20180606-2036.jar:na]
	at org.eclipse.m2e.core.internal.project.registry.ProjectRegistryManager.refresh(ProjectRegistryManager.java:351) [org.eclipse.m2e.core_1.9.0.20180606-2036.jar:na]
	at org.eclipse.m2e.core.internal.project.registry.ProjectRegistryManager.refresh(ProjectRegistryManager.java:298) [org.eclipse.m2e.core_1.9.0.20180606-2036.jar:na]
	at org.eclipse.m2e.core.internal.builder.MavenBuilder$BuildMethod.getProjectFacade(MavenBuilder.java:154) [org.eclipse.m2e.core_1.9.0.20180606-2036.jar:na]
	at org.eclipse.m2e.core.internal.builder.MavenBuilder$BuildMethod$1.call(MavenBuilder.java:89) [org.eclipse.m2e.core_1.9.0.20180606-2036.jar:na]
	at org.eclipse.m2e.core.internal.embedder.MavenExecutionContext.executeBare(MavenExecutionContext.java:177) [org.eclipse.m2e.core_1.9.0.20180606-2036.jar:na]
	at org.eclipse.m2e.core.internal.embedder.MavenExecutionContext.execute(MavenExecutionContext.java:151) [org.eclipse.m2e.core_1.9.0.20180606-2036.jar:na]
	at org.eclipse.m2e.core.internal.embedder.MavenExecutionContext.execute(MavenExecutionContext.java:99) [org.eclipse.m2e.core_1.9.0.20180606-2036.jar:na]
	at org.eclipse.m2e.core.internal.builder.MavenBuilder$BuildMethod.execute(MavenBuilder.java:86) [org.eclipse.m2e.core_1.9.0.20180606-2036.jar:na]
	at org.eclipse.m2e.core.internal.builder.MavenBuilder.build(MavenBuilder.java:200) [org.eclipse.m2e.core_1.9.0.20180606-2036.jar:na]
	at org.eclipse.core.internal.events.BuildManager$2.run(BuildManager.java:795) [org.eclipse.core.resources_3.13.0.v20180512-1138.jar:na]
	at org.eclipse.core.runtime.SafeRunner.run(SafeRunner.java:42) [org.eclipse.equinox.common_3.10.0.v20180412-1130.jar:na]
	at org.eclipse.core.internal.events.BuildManager.basicBuild(BuildManager.java:216) [org.eclipse.core.resources_3.13.0.v20180512-1138.jar:na]
	at org.eclipse.core.internal.events.BuildManager.basicBuild(BuildManager.java:259) [org.eclipse.core.resources_3.13.0.v20180512-1138.jar:na]
	at org.eclipse.core.internal.events.BuildManager$1.run(BuildManager.java:312) [org.eclipse.core.resources_3.13.0.v20180512-1138.jar:na]
	at org.eclipse.core.runtime.SafeRunner.run(SafeRunner.java:42) [org.eclipse.equinox.common_3.10.0.v20180412-1130.jar:na]
	at org.eclipse.core.internal.events.BuildManager.basicBuild(BuildManager.java:315) [org.eclipse.core.resources_3.13.0.v20180512-1138.jar:na]
	at org.eclipse.core.internal.events.BuildManager.basicBuildLoop(BuildManager.java:367) [org.eclipse.core.resources_3.13.0.v20180512-1138.jar:na]
	at org.eclipse.core.internal.events.BuildManager.build(BuildManager.java:388) [org.eclipse.core.resources_3.13.0.v20180512-1138.jar:na]
	at org.eclipse.core.internal.events.AutoBuildJob.doBuild(AutoBuildJob.java:142) [org.eclipse.core.resources_3.13.0.v20180512-1138.jar:na]
	at org.eclipse.core.internal.events.AutoBuildJob.run(AutoBuildJob.java:232) [org.eclipse.core.resources_3.13.0.v20180512-1138.jar:na]
	at org.eclipse.core.internal.jobs.Worker.run(Worker.java:60) [org.eclipse.core.jobs_3.10.0.v20180427-1454.jar:na]
Caused by: org.apache.maven.model.io.ModelParseException: end tag name </dependency> must match start tag name <dependencies> from line 17 (position: TEXT seen ...</dependency>\r\n\r\n</dependency>... @31:14) 
	at org.apache.maven.model.io.DefaultModelReader.read(DefaultModelReader.java:114) ~[maven-model-builder-3.5.3.jar:3.5.3]
	at org.apache.maven.model.io.DefaultModelReader.read(DefaultModelReader.java:82) ~[maven-model-builder-3.5.3.jar:3.5.3]
	at org.eclipse.m2e.core.internal.embedder.MavenImpl.readModel(MavenImpl.java:563) ~[org.eclipse.m2e.core_1.9.0.20180606-2036.jar:na]
	... 24 common frames omitted
Caused by: org.codehaus.plexus.util.xml.pull.XmlPullParserException: end tag name </dependency> must match start tag name <dependencies> from line 17 (position: TEXT seen ...</dependency>\r\n\r\n</dependency>... @31:14) 
	at org.codehaus.plexus.util.xml.pull.MXParser.parseEndTag(MXParser.java:2088) ~[plexus-utils-3.1.0.jar:na]
	at org.codehaus.plexus.util.xml.pull.MXParser.nextImpl(MXParser.java:1359) ~[plexus-utils-3.1.0.jar:na]
	at org.codehaus.plexus.util.xml.pull.MXParser.next(MXParser.java:1317) ~[plexus-utils-3.1.0.jar:na]
	at org.codehaus.plexus.util.xml.pull.MXParser.nextTag(MXParser.java:1303) ~[plexus-utils-3.1.0.jar:na]
	at org.apache.maven.model.io.xpp3.MavenXpp3Reader.parseModel(MavenXpp3Reader.java:2231) ~[maven-model-3.5.3.jar:3.5.3]
	at org.apache.maven.model.io.xpp3.MavenXpp3Reader.read(MavenXpp3Reader.java:3852) ~[maven-model-3.5.3.jar:3.5.3]
	at org.apache.maven.model.io.xpp3.MavenXpp3Reader.read(MavenXpp3Reader.java:595) ~[maven-model-3.5.3.jar:3.5.3]
	at org.apache.maven.model.io.DefaultModelReader.read(DefaultModelReader.java:109) ~[maven-model-builder-3.5.3.jar:3.5.3]
	... 26 common frames omitted
2019-03-19 20:50:16,953 [Worker-23: Building workspace] ERROR o.e.m.c.i.p.r.ProjectRegistryManager - Could not read pom.xml
org.eclipse.core.runtime.CoreException: Could not read pom.xml
	at org.eclipse.m2e.core.internal.embedder.MavenImpl.readModel(MavenImpl.java:565) ~[org.eclipse.m2e.core_1.9.0.20180606-2036.jar:na]
	at org.eclipse.m2e.core.internal.embedder.MavenImpl.readModel(MavenImpl.java:574) ~[org.eclipse.m2e.core_1.9.0.20180606-2036.jar:na]
	at org.eclipse.m2e.core.internal.project.registry.ProjectRegistryManager.refreshPhase2(ProjectRegistryManager.java:542) [org.eclipse.m2e.core_1.9.0.20180606-2036.jar:na]
	at org.eclipse.m2e.core.internal.project.registry.ProjectRegistryManager.refresh(ProjectRegistryManager.java:498) [org.eclipse.m2e.core_1.9.0.20180606-2036.jar:na]
	at org.eclipse.m2e.core.internal.project.registry.ProjectRegistryManager.refresh(ProjectRegistryManager.java:351) [org.eclipse.m2e.core_1.9.0.20180606-2036.jar:na]
	at org.eclipse.m2e.core.internal.project.registry.ProjectRegistryManager.refresh(ProjectRegistryManager.java:298) [org.eclipse.m2e.core_1.9.0.20180606-2036.jar:na]
	at org.eclipse.m2e.core.internal.builder.MavenBuilder$BuildMethod.getProjectFacade(MavenBuilder.java:154) [org.eclipse.m2e.core_1.9.0.20180606-2036.jar:na]
	at org.eclipse.m2e.core.internal.builder.MavenBuilder$BuildMethod$1.call(MavenBuilder.java:89) [org.eclipse.m2e.core_1.9.0.20180606-2036.jar:na]
	at org.eclipse.m2e.core.internal.embedder.MavenExecutionContext.executeBare(MavenExecutionContext.java:177) [org.eclipse.m2e.core_1.9.0.20180606-2036.jar:na]
	at org.eclipse.m2e.core.internal.embedder.MavenExecutionContext.execute(MavenExecutionContext.java:151) [org.eclipse.m2e.core_1.9.0.20180606-2036.jar:na]
	at org.eclipse.m2e.core.internal.embedder.MavenExecutionContext.execute(MavenExecutionContext.java:99) [org.eclipse.m2e.core_1.9.0.20180606-2036.jar:na]
	at org.eclipse.m2e.core.internal.builder.MavenBuilder$BuildMethod.execute(MavenBuilder.java:86) [org.eclipse.m2e.core_1.9.0.20180606-2036.jar:na]
	at org.eclipse.m2e.core.internal.builder.MavenBuilder.build(MavenBuilder.java:200) [org.eclipse.m2e.core_1.9.0.20180606-2036.jar:na]
	at org.eclipse.core.internal.events.BuildManager$2.run(BuildManager.java:795) [org.eclipse.core.resources_3.13.0.v20180512-1138.jar:na]
	at org.eclipse.core.runtime.SafeRunner.run(SafeRunner.java:42) [org.eclipse.equinox.common_3.10.0.v20180412-1130.jar:na]
	at org.eclipse.core.internal.events.BuildManager.basicBuild(BuildManager.java:216) [org.eclipse.core.resources_3.13.0.v20180512-1138.jar:na]
	at org.eclipse.core.internal.events.BuildManager.basicBuild(BuildManager.java:259) [org.eclipse.core.resources_3.13.0.v20180512-1138.jar:na]
	at org.eclipse.core.internal.events.BuildManager$1.run(BuildManager.java:312) [org.eclipse.core.resources_3.13.0.v20180512-1138.jar:na]
	at org.eclipse.core.runtime.SafeRunner.run(SafeRunner.java:42) [org.eclipse.equinox.common_3.10.0.v20180412-1130.jar:na]
	at org.eclipse.core.internal.events.BuildManager.basicBuild(BuildManager.java:315) [org.eclipse.core.resources_3.13.0.v20180512-1138.jar:na]
	at org.eclipse.core.internal.events.BuildManager.basicBuildLoop(BuildManager.java:367) [org.eclipse.core.resources_3.13.0.v20180512-1138.jar:na]
	at org.eclipse.core.internal.events.BuildManager.build(BuildManager.java:388) [org.eclipse.core.resources_3.13.0.v20180512-1138.jar:na]
	at org.eclipse.core.internal.events.AutoBuildJob.doBuild(AutoBuildJob.java:142) [org.eclipse.core.resources_3.13.0.v20180512-1138.jar:na]
	at org.eclipse.core.internal.events.AutoBuildJob.run(AutoBuildJob.java:232) [org.eclipse.core.resources_3.13.0.v20180512-1138.jar:na]
	at org.eclipse.core.internal.jobs.Worker.run(Worker.java:60) [org.eclipse.core.jobs_3.10.0.v20180427-1454.jar:na]
Caused by: org.apache.maven.model.io.ModelParseException: end tag name </dependency> must match start tag name <dependencies> from line 17 (position: TEXT seen ...</dependency>\r\n\r\n</dependency>... @31:14) 
	at org.apache.maven.model.io.DefaultModelReader.read(DefaultModelReader.java:114) ~[maven-model-builder-3.5.3.jar:3.5.3]
	at org.apache.maven.model.io.DefaultModelReader.read(DefaultModelReader.java:82) ~[maven-model-builder-3.5.3.jar:3.5.3]
	at org.eclipse.m2e.core.internal.embedder.MavenImpl.readModel(MavenImpl.java:563) ~[org.eclipse.m2e.core_1.9.0.20180606-2036.jar:na]
	... 24 common frames omitted
Caused by: org.codehaus.plexus.util.xml.pull.XmlPullParserException: end tag name </dependency> must match start tag name <dependencies> from line 17 (position: TEXT seen ...</dependency>\r\n\r\n</dependency>... @31:14) 
	at org.codehaus.plexus.util.xml.pull.MXParser.parseEndTag(MXParser.java:2088) ~[plexus-utils-3.1.0.jar:na]
	at org.codehaus.plexus.util.xml.pull.MXParser.nextImpl(MXParser.java:1359) ~[plexus-utils-3.1.0.jar:na]
	at org.codehaus.plexus.util.xml.pull.MXParser.next(MXParser.java:1317) ~[plexus-utils-3.1.0.jar:na]
	at org.codehaus.plexus.util.xml.pull.MXParser.nextTag(MXParser.java:1303) ~[plexus-utils-3.1.0.jar:na]
	at org.apache.maven.model.io.xpp3.MavenXpp3Reader.parseModel(MavenXpp3Reader.java:2231) ~[maven-model-3.5.3.jar:3.5.3]
	at org.apache.maven.model.io.xpp3.MavenXpp3Reader.read(MavenXpp3Reader.java:3852) ~[maven-model-3.5.3.jar:3.5.3]
	at org.apache.maven.model.io.xpp3.MavenXpp3Reader.read(MavenXpp3Reader.java:595) ~[maven-model-3.5.3.jar:3.5.3]
	at org.apache.maven.model.io.DefaultModelReader.read(DefaultModelReader.java:109) ~[maven-model-builder-3.5.3.jar:3.5.3]
	... 26 common frames omitted
2019-03-19 20:50:17,938 [Worker-30: reload maven project] ERROR o.e.m.c.i.p.r.ProjectRegistryManager - Failed to read Maven project: 1 problem was encountered while building the effective model
[FATAL] Non-parseable POM C:\Users\joaov\Google Drive\raiz\atual\estudos\graduacao\20191\ine5426\tofu\tepal\pom.xml: end tag name </dependency> must match start tag name <dependencies> from line 17 (position: TEXT seen ...</dependency>\r\n</dependency>... @30:14)  @ line 30, column 14
 for project  at C:\Users\joaov\Google Drive\raiz\atual\estudos\graduacao\20191\ine5426\tofu\tepal\pom.xml
org.apache.maven.project.ProjectBuildingException: 1 problem was encountered while building the effective model
[FATAL] Non-parseable POM C:\Users\joaov\Google Drive\raiz\atual\estudos\graduacao\20191\ine5426\tofu\tepal\pom.xml: end tag name </dependency> must match start tag name <dependencies> from line 17 (position: TEXT seen ...</dependency>\r\n</dependency>... @30:14)  @ line 30, column 14
 for project  at C:\Users\joaov\Google Drive\raiz\atual\estudos\graduacao\20191\ine5426\tofu\tepal\pom.xml
	at org.apache.maven.project.DefaultProjectBuilder.build(DefaultProjectBuilder.java:165) ~[maven-core-3.5.3.jar:3.5.3]
	at org.apache.maven.project.DefaultProjectBuilder.build(DefaultProjectBuilder.java:116) ~[maven-core-3.5.3.jar:3.5.3]
	at org.eclipse.m2e.core.internal.embedder.MavenImpl.readMavenProject(MavenImpl.java:636) ~[org.eclipse.m2e.core_1.9.0.20180606-2036.jar:na]
	at org.eclipse.m2e.core.internal.project.registry.ProjectRegistryManager$5.call(ProjectRegistryManager.java:816) ~[org.eclipse.m2e.core_1.9.0.20180606-2036.jar:na]
	at org.eclipse.m2e.core.internal.project.registry.ProjectRegistryManager$5.call(ProjectRegistryManager.java:1) ~[org.eclipse.m2e.core_1.9.0.20180606-2036.jar:na]
	at org.eclipse.m2e.core.internal.embedder.MavenExecutionContext.executeBare(MavenExecutionContext.java:177) ~[org.eclipse.m2e.core_1.9.0.20180606-2036.jar:na]
	at org.eclipse.m2e.core.internal.embedder.MavenExecutionContext.execute(MavenExecutionContext.java:151) ~[org.eclipse.m2e.core_1.9.0.20180606-2036.jar:na]
	at org.eclipse.m2e.core.internal.embedder.MavenExecutionContext.execute(MavenExecutionContext.java:99) ~[org.eclipse.m2e.core_1.9.0.20180606-2036.jar:na]
	at org.eclipse.m2e.core.internal.project.registry.ProjectRegistryManager.execute(ProjectRegistryManager.java:967) ~[org.eclipse.m2e.core_1.9.0.20180606-2036.jar:na]
	at org.eclipse.m2e.core.internal.project.registry.ProjectRegistryManager.readProjectWithDependencies(ProjectRegistryManager.java:811) ~[org.eclipse.m2e.core_1.9.0.20180606-2036.jar:na]
	at org.eclipse.m2e.core.internal.project.registry.ProjectRegistryManager.create(ProjectRegistryManager.java:192) ~[org.eclipse.m2e.core_1.9.0.20180606-2036.jar:na]
	at org.eclipse.m2e.core.internal.project.registry.MavenProjectManager.create(MavenProjectManager.java:80) [org.eclipse.m2e.core_1.9.0.20180606-2036.jar:na]
	at org.eclipse.m2e.core.ui.internal.actions.SelectionUtil.getMavenProject(SelectionUtil.java:259) [org.eclipse.m2e.core.ui_1.9.0.20180606-2036.jar:na]
	at org.eclipse.m2e.editor.pom.MavenPomEditor.readMavenProject(MavenPomEditor.java:740) [org.eclipse.m2e.editor_1.9.0.20180606-2036.jar:na]
	at org.eclipse.m2e.editor.pom.MavenPomEditor$5.run(MavenPomEditor.java:1074) [org.eclipse.m2e.editor_1.9.0.20180606-2036.jar:na]
	at org.eclipse.core.internal.jobs.Worker.run(Worker.java:60) [org.eclipse.core.jobs_3.10.0.v20180427-1454.jar:na]
Caused by: org.apache.maven.model.building.ModelBuildingException: 1 problem was encountered while building the effective model
[FATAL] Non-parseable POM C:\Users\joaov\Google Drive\raiz\atual\estudos\graduacao\20191\ine5426\tofu\tepal\pom.xml: end tag name </dependency> must match start tag name <dependencies> from line 17 (position: TEXT seen ...</dependency>\r\n</dependency>... @30:14)  @ line 30, column 14

	at org.apache.maven.model.building.DefaultModelProblemCollector.newModelBuildingException(DefaultModelProblemCollector.java:197) ~[maven-model-builder-3.5.3.jar:3.5.3]
	at org.apache.maven.model.building.DefaultModelBuilder.readModel(DefaultModelBuilder.java:582) ~[maven-model-builder-3.5.3.jar:3.5.3]
	at org.apache.maven.model.building.DefaultModelBuilder.build(DefaultModelBuilder.java:276) ~[maven-model-builder-3.5.3.jar:3.5.3]
	at org.apache.maven.project.DefaultProjectBuilder.build(DefaultProjectBuilder.java:158) ~[maven-core-3.5.3.jar:3.5.3]
	... 15 common frames omitted
2019-03-19 20:50:18,048 [Worker-20: Building workspace] ERROR o.e.m.c.i.p.r.ProjectRegistryManager - Could not read pom.xml
org.eclipse.core.runtime.CoreException: Could not read pom.xml
	at org.eclipse.m2e.core.internal.embedder.MavenImpl.readModel(MavenImpl.java:565) ~[org.eclipse.m2e.core_1.9.0.20180606-2036.jar:na]
	at org.eclipse.m2e.core.internal.embedder.MavenImpl.readModel(MavenImpl.java:574) ~[org.eclipse.m2e.core_1.9.0.20180606-2036.jar:na]
	at org.eclipse.m2e.core.internal.project.registry.ProjectRegistryManager.refreshPhase2(ProjectRegistryManager.java:542) [org.eclipse.m2e.core_1.9.0.20180606-2036.jar:na]
	at org.eclipse.m2e.core.internal.project.registry.ProjectRegistryManager.refresh(ProjectRegistryManager.java:498) [org.eclipse.m2e.core_1.9.0.20180606-2036.jar:na]
	at org.eclipse.m2e.core.internal.project.registry.ProjectRegistryManager.refresh(ProjectRegistryManager.java:351) [org.eclipse.m2e.core_1.9.0.20180606-2036.jar:na]
	at org.eclipse.m2e.core.internal.project.registry.ProjectRegistryManager.refresh(ProjectRegistryManager.java:298) [org.eclipse.m2e.core_1.9.0.20180606-2036.jar:na]
	at org.eclipse.m2e.core.internal.builder.MavenBuilder$BuildMethod.getProjectFacade(MavenBuilder.java:154) [org.eclipse.m2e.core_1.9.0.20180606-2036.jar:na]
	at org.eclipse.m2e.core.internal.builder.MavenBuilder$BuildMethod$1.call(MavenBuilder.java:89) [org.eclipse.m2e.core_1.9.0.20180606-2036.jar:na]
	at org.eclipse.m2e.core.internal.embedder.MavenExecutionContext.executeBare(MavenExecutionContext.java:177) [org.eclipse.m2e.core_1.9.0.20180606-2036.jar:na]
	at org.eclipse.m2e.core.internal.embedder.MavenExecutionContext.execute(MavenExecutionContext.java:151) [org.eclipse.m2e.core_1.9.0.20180606-2036.jar:na]
	at org.eclipse.m2e.core.internal.embedder.MavenExecutionContext.execute(MavenExecutionContext.java:99) [org.eclipse.m2e.core_1.9.0.20180606-2036.jar:na]
	at org.eclipse.m2e.core.internal.builder.MavenBuilder$BuildMethod.execute(MavenBuilder.java:86) [org.eclipse.m2e.core_1.9.0.20180606-2036.jar:na]
	at org.eclipse.m2e.core.internal.builder.MavenBuilder.build(MavenBuilder.java:200) [org.eclipse.m2e.core_1.9.0.20180606-2036.jar:na]
	at org.eclipse.core.internal.events.BuildManager$2.run(BuildManager.java:795) [org.eclipse.core.resources_3.13.0.v20180512-1138.jar:na]
	at org.eclipse.core.runtime.SafeRunner.run(SafeRunner.java:42) [org.eclipse.equinox.common_3.10.0.v20180412-1130.jar:na]
	at org.eclipse.core.internal.events.BuildManager.basicBuild(BuildManager.java:216) [org.eclipse.core.resources_3.13.0.v20180512-1138.jar:na]
	at org.eclipse.core.internal.events.BuildManager.basicBuild(BuildManager.java:259) [org.eclipse.core.resources_3.13.0.v20180512-1138.jar:na]
	at org.eclipse.core.internal.events.BuildManager$1.run(BuildManager.java:312) [org.eclipse.core.resources_3.13.0.v20180512-1138.jar:na]
	at org.eclipse.core.runtime.SafeRunner.run(SafeRunner.java:42) [org.eclipse.equinox.common_3.10.0.v20180412-1130.jar:na]
	at org.eclipse.core.internal.events.BuildManager.basicBuild(BuildManager.java:315) [org.eclipse.core.resources_3.13.0.v20180512-1138.jar:na]
	at org.eclipse.core.internal.events.BuildManager.basicBuildLoop(BuildManager.java:367) [org.eclipse.core.resources_3.13.0.v20180512-1138.jar:na]
	at org.eclipse.core.internal.events.BuildManager.build(BuildManager.java:388) [org.eclipse.core.resources_3.13.0.v20180512-1138.jar:na]
	at org.eclipse.core.internal.events.AutoBuildJob.doBuild(AutoBuildJob.java:142) [org.eclipse.core.resources_3.13.0.v20180512-1138.jar:na]
	at org.eclipse.core.internal.events.AutoBuildJob.run(AutoBuildJob.java:232) [org.eclipse.core.resources_3.13.0.v20180512-1138.jar:na]
	at org.eclipse.core.internal.jobs.Worker.run(Worker.java:60) [org.eclipse.core.jobs_3.10.0.v20180427-1454.jar:na]
Caused by: org.apache.maven.model.io.ModelParseException: end tag name </dependency> must match start tag name <dependencies> from line 17 (position: TEXT seen ...</dependency>\r\n</dependency>... @30:14) 
	at org.apache.maven.model.io.DefaultModelReader.read(DefaultModelReader.java:114) ~[maven-model-builder-3.5.3.jar:3.5.3]
	at org.apache.maven.model.io.DefaultModelReader.read(DefaultModelReader.java:82) ~[maven-model-builder-3.5.3.jar:3.5.3]
	at org.eclipse.m2e.core.internal.embedder.MavenImpl.readModel(MavenImpl.java:563) ~[org.eclipse.m2e.core_1.9.0.20180606-2036.jar:na]
	... 24 common frames omitted
Caused by: org.codehaus.plexus.util.xml.pull.XmlPullParserException: end tag name </dependency> must match start tag name <dependencies> from line 17 (position: TEXT seen ...</dependency>\r\n</dependency>... @30:14) 
	at org.codehaus.plexus.util.xml.pull.MXParser.parseEndTag(MXParser.java:2088) ~[plexus-utils-3.1.0.jar:na]
	at org.codehaus.plexus.util.xml.pull.MXParser.nextImpl(MXParser.java:1359) ~[plexus-utils-3.1.0.jar:na]
	at org.codehaus.plexus.util.xml.pull.MXParser.next(MXParser.java:1317) ~[plexus-utils-3.1.0.jar:na]
	at org.codehaus.plexus.util.xml.pull.MXParser.nextTag(MXParser.java:1303) ~[plexus-utils-3.1.0.jar:na]
	at org.apache.maven.model.io.xpp3.MavenXpp3Reader.parseModel(MavenXpp3Reader.java:2231) ~[maven-model-3.5.3.jar:3.5.3]
	at org.apache.maven.model.io.xpp3.MavenXpp3Reader.read(MavenXpp3Reader.java:3852) ~[maven-model-3.5.3.jar:3.5.3]
	at org.apache.maven.model.io.xpp3.MavenXpp3Reader.read(MavenXpp3Reader.java:595) ~[maven-model-3.5.3.jar:3.5.3]
	at org.apache.maven.model.io.DefaultModelReader.read(DefaultModelReader.java:109) ~[maven-model-builder-3.5.3.jar:3.5.3]
	... 26 common frames omitted
2019-03-19 20:50:28,268 [Worker-31: reload maven project] INFO  o.e.m.c.i.p.WorkspaceClassifierResolverManager - Resolving P/commons: io.tofu:commons:0.0.1 with classifier  to /commons/target/classes
2019-03-19 20:50:28,268 [Worker-31: reload maven project] INFO  o.e.m.c.i.p.WorkspaceClassifierResolverManager - Resolving P/commons: io.tofu:commons:0.0.1 with classifier  to /commons/target/classes
2019-03-19 20:50:28,480 [Worker-22: Building workspace] INFO  o.e.m.c.i.l.LifecycleMappingFactory - Using org.eclipse.m2e.jdt.JarLifecycleMapping lifecycle mapping for MavenProject: io.tofu:tepal:0.0.1 @ C:\Users\joaov\Google Drive\raiz\atual\estudos\graduacao\20191\ine5426\tofu\tepal\pom.xml.
2019-03-19 20:50:28,480 [Worker-22: Building workspace] INFO  o.e.m.c.i.p.WorkspaceClassifierResolverManager - Resolving P/commons: io.tofu:commons:0.0.1 with classifier  to /commons/target/classes
2019-03-19 20:50:28,714 [Worker-22: Building workspace] INFO  o.e.m.c.i.embedder.EclipseLogger - Using 'UTF-8' encoding to copy filtered resources.
2019-03-19 20:50:28,714 [Worker-22: Building workspace] INFO  o.e.m.c.i.embedder.EclipseLogger - skip non existing resourceDirectory C:\Users\joaov\Google Drive\raiz\atual\estudos\graduacao\20191\ine5426\tofu\tepal\src\main\resources
2019-03-19 20:50:28,714 [Worker-22: Building workspace] INFO  o.e.m.c.i.embedder.EclipseLogger - Using 'UTF-8' encoding to copy filtered resources.
2019-03-19 20:50:28,714 [Worker-22: Building workspace] INFO  o.e.m.c.i.embedder.EclipseLogger - skip non existing resourceDirectory C:\Users\joaov\Google Drive\raiz\atual\estudos\graduacao\20191\ine5426\tofu\tepal\src\test\resources
2019-03-19 20:50:29,875 [Worker-22: Building workspace] INFO  o.e.m.c.i.p.WorkspaceClassifierResolverManager - Resolving P/commons: io.tofu:commons:0.0.1 with classifier  to /commons/target/classes
2019-03-19 20:50:29,875 [Worker-22: Building workspace] INFO  o.e.m.c.i.embedder.EclipseLogger - Using 'UTF-8' encoding to copy filtered resources.
2019-03-19 20:50:29,875 [Worker-22: Building workspace] INFO  o.e.m.c.i.embedder.EclipseLogger - skip non existing resourceDirectory C:\Users\joaov\Google Drive\raiz\atual\estudos\graduacao\20191\ine5426\tofu\tepal\src\main\resources
2019-03-19 20:50:29,875 [Worker-22: Building workspace] INFO  o.e.m.c.i.embedder.EclipseLogger - Using 'UTF-8' encoding to copy filtered resources.
2019-03-19 20:50:29,891 [Worker-22: Building workspace] INFO  o.e.m.c.i.embedder.EclipseLogger - skip non existing resourceDirectory C:\Users\joaov\Google Drive\raiz\atual\estudos\graduacao\20191\ine5426\tofu\tepal\src\test\resources
2019-03-19 20:50:31,358 [Worker-31: Building workspace] INFO  o.e.m.c.i.l.LifecycleMappingFactory - Using org.eclipse.m2e.jdt.JarLifecycleMapping lifecycle mapping for MavenProject: io.tofu:tepal:0.0.1 @ C:\Users\joaov\Google Drive\raiz\atual\estudos\graduacao\20191\ine5426\tofu\tepal\pom.xml.
2019-03-19 20:50:31,374 [Worker-31: Building workspace] INFO  o.e.m.c.i.p.WorkspaceClassifierResolverManager - Resolving P/commons: io.tofu:commons:0.0.1 with classifier  to /commons/target/classes
2019-03-19 20:50:31,421 [Worker-31: Building workspace] INFO  o.e.m.c.i.embedder.EclipseLogger - Using 'UTF-8' encoding to copy filtered resources.
2019-03-19 20:50:31,421 [Worker-31: Building workspace] INFO  o.e.m.c.i.embedder.EclipseLogger - skip non existing resourceDirectory C:\Users\joaov\Google Drive\raiz\atual\estudos\graduacao\20191\ine5426\tofu\tepal\src\main\resources
2019-03-19 20:50:31,421 [Worker-31: Building workspace] INFO  o.e.m.c.i.embedder.EclipseLogger - Using 'UTF-8' encoding to copy filtered resources.
2019-03-19 20:50:31,421 [Worker-31: Building workspace] INFO  o.e.m.c.i.embedder.EclipseLogger - skip non existing resourceDirectory C:\Users\joaov\Google Drive\raiz\atual\estudos\graduacao\20191\ine5426\tofu\tepal\src\test\resources
2019-03-19 20:51:34,852 [Worker-32: Building workspace] INFO  o.e.m.c.i.p.WorkspaceClassifierResolverManager - Resolving P/commons: io.tofu:commons:0.0.1 with classifier  to /commons/target/classes
2019-03-19 20:51:34,868 [Worker-32: Building workspace] INFO  o.e.m.c.i.embedder.EclipseLogger - Using 'UTF-8' encoding to copy filtered resources.
2019-03-19 20:51:34,868 [Worker-32: Building workspace] INFO  o.e.m.c.i.embedder.EclipseLogger - skip non existing resourceDirectory C:\Users\joaov\Google Drive\raiz\atual\estudos\graduacao\20191\ine5426\tofu\tepal\src\main\resources
2019-03-19 20:51:34,868 [Worker-32: Building workspace] INFO  o.e.m.c.i.embedder.EclipseLogger - Using 'UTF-8' encoding to copy filtered resources.
2019-03-19 20:51:34,868 [Worker-32: Building workspace] INFO  o.e.m.c.i.embedder.EclipseLogger - skip non existing resourceDirectory C:\Users\joaov\Google Drive\raiz\atual\estudos\graduacao\20191\ine5426\tofu\tepal\src\test\resources
2019-03-19 20:56:56,774 [Worker-20: Building workspace] INFO  o.e.m.c.i.embedder.EclipseLogger - Using 'UTF-8' encoding to copy filtered resources.
2019-03-19 20:56:56,774 [Worker-20: Building workspace] INFO  o.e.m.c.i.embedder.EclipseLogger - skip non existing resourceDirectory C:\Users\joaov\Google Drive\raiz\atual\estudos\graduacao\20191\ine5426\tofu\tepal\src\main\resources
2019-03-19 20:56:56,774 [Worker-20: Building workspace] INFO  o.e.m.c.i.embedder.EclipseLogger - Using 'UTF-8' encoding to copy filtered resources.
2019-03-19 20:56:56,774 [Worker-20: Building workspace] INFO  o.e.m.c.i.embedder.EclipseLogger - skip non existing resourceDirectory C:\Users\joaov\Google Drive\raiz\atual\estudos\graduacao\20191\ine5426\tofu\tepal\src\test\resources
2019-03-19 20:57:33,106 [Worker-33: Building workspace] INFO  o.e.m.c.i.embedder.EclipseLogger - Using 'UTF-8' encoding to copy filtered resources.
2019-03-19 20:57:33,106 [Worker-33: Building workspace] INFO  o.e.m.c.i.embedder.EclipseLogger - skip non existing resourceDirectory C:\Users\joaov\Google Drive\raiz\atual\estudos\graduacao\20191\ine5426\tofu\tepal\src\main\resources
2019-03-19 20:57:33,122 [Worker-33: Building workspace] INFO  o.e.m.c.i.embedder.EclipseLogger - Using 'UTF-8' encoding to copy filtered resources.
2019-03-19 20:57:33,122 [Worker-33: Building workspace] INFO  o.e.m.c.i.embedder.EclipseLogger - skip non existing resourceDirectory C:\Users\joaov\Google Drive\raiz\atual\estudos\graduacao\20191\ine5426\tofu\tepal\src\test\resources
2019-03-19 20:58:20,914 [Worker-23: Building workspace] INFO  o.e.m.c.i.embedder.EclipseLogger - Using 'UTF-8' encoding to copy filtered resources.
2019-03-19 20:58:20,914 [Worker-23: Building workspace] INFO  o.e.m.c.i.embedder.EclipseLogger - skip non existing resourceDirectory C:\Users\joaov\Google Drive\raiz\atual\estudos\graduacao\20191\ine5426\tofu\tepal\src\main\resources
2019-03-19 20:58:20,914 [Worker-23: Building workspace] INFO  o.e.m.c.i.embedder.EclipseLogger - Using 'UTF-8' encoding to copy filtered resources.
2019-03-19 20:58:20,914 [Worker-23: Building workspace] INFO  o.e.m.c.i.embedder.EclipseLogger - skip non existing resourceDirectory C:\Users\joaov\Google Drive\raiz\atual\estudos\graduacao\20191\ine5426\tofu\tepal\src\test\resources
2019-03-19 21:15:42,216 [Worker-20: Building workspace] INFO  o.e.m.c.i.embedder.EclipseLogger - Using 'UTF-8' encoding to copy filtered resources.
2019-03-19 21:15:42,216 [Worker-20: Building workspace] INFO  o.e.m.c.i.embedder.EclipseLogger - skip non existing resourceDirectory C:\Users\joaov\Google Drive\raiz\atual\estudos\graduacao\20191\ine5426\tofu\commons\src\main\resources
2019-03-19 21:15:42,216 [Worker-20: Building workspace] INFO  o.e.m.c.i.embedder.EclipseLogger - Using 'UTF-8' encoding to copy filtered resources.
2019-03-19 21:15:42,216 [Worker-20: Building workspace] INFO  o.e.m.c.i.embedder.EclipseLogger - skip non existing resourceDirectory C:\Users\joaov\Google Drive\raiz\atual\estudos\graduacao\20191\ine5426\tofu\commons\src\test\resources
2019-03-19 21:16:27,533 [Worker-20: Building workspace] INFO  o.e.m.c.i.embedder.EclipseLogger - Using 'UTF-8' encoding to copy filtered resources.
2019-03-19 21:16:27,533 [Worker-20: Building workspace] INFO  o.e.m.c.i.embedder.EclipseLogger - skip non existing resourceDirectory C:\Users\joaov\Google Drive\raiz\atual\estudos\graduacao\20191\ine5426\tofu\commons\src\main\resources
2019-03-19 21:16:27,533 [Worker-20: Building workspace] INFO  o.e.m.c.i.embedder.EclipseLogger - Using 'UTF-8' encoding to copy filtered resources.
2019-03-19 21:16:27,533 [Worker-20: Building workspace] INFO  o.e.m.c.i.embedder.EclipseLogger - skip non existing resourceDirectory C:\Users\joaov\Google Drive\raiz\atual\estudos\graduacao\20191\ine5426\tofu\commons\src\test\resources
2019-03-19 21:17:18,818 [Worker-37: Building Workspace] INFO  o.e.m.c.i.embedder.EclipseLogger - Using 'UTF-8' encoding to copy filtered resources.
2019-03-19 21:17:18,818 [Worker-37: Building Workspace] INFO  o.e.m.c.i.embedder.EclipseLogger - skip non existing resourceDirectory C:\Users\joaov\Google Drive\raiz\atual\estudos\graduacao\20191\ine5426\tofu\commons\src\main\resources
2019-03-19 21:17:18,818 [Worker-37: Building Workspace] INFO  o.e.m.c.i.embedder.EclipseLogger - Using 'UTF-8' encoding to copy filtered resources.
2019-03-19 21:17:18,818 [Worker-37: Building Workspace] INFO  o.e.m.c.i.embedder.EclipseLogger - skip non existing resourceDirectory C:\Users\joaov\Google Drive\raiz\atual\estudos\graduacao\20191\ine5426\tofu\commons\src\test\resources
2019-03-19 21:17:18,865 [Worker-37: Building Workspace] INFO  o.e.m.c.i.embedder.EclipseLogger - Using 'UTF-8' encoding to copy filtered resources.
2019-03-19 21:17:18,865 [Worker-37: Building Workspace] INFO  o.e.m.c.i.embedder.EclipseLogger - skip non existing resourceDirectory C:\Users\joaov\Google Drive\raiz\atual\estudos\graduacao\20191\ine5426\tofu\tepal\src\main\resources
2019-03-19 21:17:18,865 [Worker-37: Building Workspace] INFO  o.e.m.c.i.embedder.EclipseLogger - Using 'UTF-8' encoding to copy filtered resources.
2019-03-19 21:17:18,865 [Worker-37: Building Workspace] INFO  o.e.m.c.i.embedder.EclipseLogger - skip non existing resourceDirectory C:\Users\joaov\Google Drive\raiz\atual\estudos\graduacao\20191\ine5426\tofu\tepal\src\test\resources
2019-03-19 21:17:20,615 [Worker-36: Building workspace] INFO  o.e.m.c.i.embedder.EclipseLogger - Using 'UTF-8' encoding to copy filtered resources.
2019-03-19 21:17:20,615 [Worker-36: Building workspace] INFO  o.e.m.c.i.embedder.EclipseLogger - skip non existing resourceDirectory C:\Users\joaov\Google Drive\raiz\atual\estudos\graduacao\20191\ine5426\tofu\commons\src\main\resources
2019-03-19 21:17:20,616 [Worker-36: Building workspace] INFO  o.e.m.c.i.embedder.EclipseLogger - Using 'UTF-8' encoding to copy filtered resources.
2019-03-19 21:17:20,616 [Worker-36: Building workspace] INFO  o.e.m.c.i.embedder.EclipseLogger - skip non existing resourceDirectory C:\Users\joaov\Google Drive\raiz\atual\estudos\graduacao\20191\ine5426\tofu\commons\src\test\resources
2019-03-19 21:18:15,785 [Worker-23: Building workspace] INFO  o.e.m.c.i.embedder.EclipseLogger - Using 'UTF-8' encoding to copy filtered resources.
2019-03-19 21:18:15,785 [Worker-23: Building workspace] INFO  o.e.m.c.i.embedder.EclipseLogger - skip non existing resourceDirectory C:\Users\joaov\Google Drive\raiz\atual\estudos\graduacao\20191\ine5426\tofu\commons\src\main\resources
2019-03-19 21:18:15,785 [Worker-23: Building workspace] INFO  o.e.m.c.i.embedder.EclipseLogger - Using 'UTF-8' encoding to copy filtered resources.
2019-03-19 21:18:15,785 [Worker-23: Building workspace] INFO  o.e.m.c.i.embedder.EclipseLogger - skip non existing resourceDirectory C:\Users\joaov\Google Drive\raiz\atual\estudos\graduacao\20191\ine5426\tofu\commons\src\test\resources
2019-03-19 21:18:27,201 [Worker-38: Building workspace] INFO  o.e.m.c.i.embedder.EclipseLogger - Using 'UTF-8' encoding to copy filtered resources.
2019-03-19 21:18:27,201 [Worker-38: Building workspace] INFO  o.e.m.c.i.embedder.EclipseLogger - skip non existing resourceDirectory C:\Users\joaov\Google Drive\raiz\atual\estudos\graduacao\20191\ine5426\tofu\commons\src\main\resources
2019-03-19 21:18:27,201 [Worker-38: Building workspace] INFO  o.e.m.c.i.embedder.EclipseLogger - Using 'UTF-8' encoding to copy filtered resources.
2019-03-19 21:18:27,217 [Worker-38: Building workspace] INFO  o.e.m.c.i.embedder.EclipseLogger - skip non existing resourceDirectory C:\Users\joaov\Google Drive\raiz\atual\estudos\graduacao\20191\ine5426\tofu\commons\src\test\resources
2019-03-19 21:18:31,965 [Worker-20: Building workspace] INFO  o.e.m.c.i.embedder.EclipseLogger - Using 'UTF-8' encoding to copy filtered resources.
2019-03-19 21:18:31,965 [Worker-20: Building workspace] INFO  o.e.m.c.i.embedder.EclipseLogger - skip non existing resourceDirectory C:\Users\joaov\Google Drive\raiz\atual\estudos\graduacao\20191\ine5426\tofu\commons\src\main\resources
2019-03-19 21:18:31,980 [Worker-20: Building workspace] INFO  o.e.m.c.i.embedder.EclipseLogger - Using 'UTF-8' encoding to copy filtered resources.
2019-03-19 21:18:31,980 [Worker-20: Building workspace] INFO  o.e.m.c.i.embedder.EclipseLogger - skip non existing resourceDirectory C:\Users\joaov\Google Drive\raiz\atual\estudos\graduacao\20191\ine5426\tofu\commons\src\test\resources
2019-03-19 21:18:49,400 [Worker-35: Building workspace] INFO  o.e.m.c.i.embedder.EclipseLogger - Using 'UTF-8' encoding to copy filtered resources.
2019-03-19 21:18:49,400 [Worker-35: Building workspace] INFO  o.e.m.c.i.embedder.EclipseLogger - skip non existing resourceDirectory C:\Users\joaov\Google Drive\raiz\atual\estudos\graduacao\20191\ine5426\tofu\commons\src\main\resources
2019-03-19 21:18:49,416 [Worker-35: Building workspace] INFO  o.e.m.c.i.embedder.EclipseLogger - Using 'UTF-8' encoding to copy filtered resources.
2019-03-19 21:18:49,416 [Worker-35: Building workspace] INFO  o.e.m.c.i.embedder.EclipseLogger - skip non existing resourceDirectory C:\Users\joaov\Google Drive\raiz\atual\estudos\graduacao\20191\ine5426\tofu\commons\src\test\resources
2019-03-19 21:18:59,726 [Worker-20: Building workspace] INFO  o.e.m.c.i.embedder.EclipseLogger - Using 'UTF-8' encoding to copy filtered resources.
2019-03-19 21:18:59,726 [Worker-20: Building workspace] INFO  o.e.m.c.i.embedder.EclipseLogger - skip non existing resourceDirectory C:\Users\joaov\Google Drive\raiz\atual\estudos\graduacao\20191\ine5426\tofu\commons\src\main\resources
2019-03-19 21:18:59,727 [Worker-20: Building workspace] INFO  o.e.m.c.i.embedder.EclipseLogger - Using 'UTF-8' encoding to copy filtered resources.
2019-03-19 21:18:59,727 [Worker-20: Building workspace] INFO  o.e.m.c.i.embedder.EclipseLogger - skip non existing resourceDirectory C:\Users\joaov\Google Drive\raiz\atual\estudos\graduacao\20191\ine5426\tofu\commons\src\test\resources
2019-03-19 21:19:29,494 [Worker-35: Building workspace] INFO  o.e.m.c.i.embedder.EclipseLogger - Using 'UTF-8' encoding to copy filtered resources.
2019-03-19 21:19:29,494 [Worker-35: Building workspace] INFO  o.e.m.c.i.embedder.EclipseLogger - skip non existing resourceDirectory C:\Users\joaov\Google Drive\raiz\atual\estudos\graduacao\20191\ine5426\tofu\commons\src\main\resources
2019-03-19 21:19:29,510 [Worker-35: Building workspace] INFO  o.e.m.c.i.embedder.EclipseLogger - Using 'UTF-8' encoding to copy filtered resources.
2019-03-19 21:19:29,510 [Worker-35: Building workspace] INFO  o.e.m.c.i.embedder.EclipseLogger - skip non existing resourceDirectory C:\Users\joaov\Google Drive\raiz\atual\estudos\graduacao\20191\ine5426\tofu\commons\src\test\resources
2019-03-19 21:19:42,078 [Worker-20: Building workspace] INFO  o.e.m.c.i.embedder.EclipseLogger - Using 'UTF-8' encoding to copy filtered resources.
2019-03-19 21:19:42,078 [Worker-20: Building workspace] INFO  o.e.m.c.i.embedder.EclipseLogger - skip non existing resourceDirectory C:\Users\joaov\Google Drive\raiz\atual\estudos\graduacao\20191\ine5426\tofu\commons\src\main\resources
2019-03-19 21:19:42,078 [Worker-20: Building workspace] INFO  o.e.m.c.i.embedder.EclipseLogger - Using 'UTF-8' encoding to copy filtered resources.
2019-03-19 21:19:42,078 [Worker-20: Building workspace] INFO  o.e.m.c.i.embedder.EclipseLogger - skip non existing resourceDirectory C:\Users\joaov\Google Drive\raiz\atual\estudos\graduacao\20191\ine5426\tofu\commons\src\test\resources
2019-03-19 21:21:33,021 [Worker-38: Building workspace] INFO  o.e.m.c.i.embedder.EclipseLogger - Using 'UTF-8' encoding to copy filtered resources.
2019-03-19 21:21:33,037 [Worker-38: Building workspace] INFO  o.e.m.c.i.embedder.EclipseLogger - skip non existing resourceDirectory C:\Users\joaov\Google Drive\raiz\atual\estudos\graduacao\20191\ine5426\tofu\commons\src\main\resources
2019-03-19 21:21:33,037 [Worker-38: Building workspace] INFO  o.e.m.c.i.embedder.EclipseLogger - Using 'UTF-8' encoding to copy filtered resources.
2019-03-19 21:21:33,037 [Worker-38: Building workspace] INFO  o.e.m.c.i.embedder.EclipseLogger - skip non existing resourceDirectory C:\Users\joaov\Google Drive\raiz\atual\estudos\graduacao\20191\ine5426\tofu\commons\src\test\resources
2019-03-19 21:21:40,971 [Worker-37: Building workspace] INFO  o.e.m.c.i.embedder.EclipseLogger - Using 'UTF-8' encoding to copy filtered resources.
2019-03-19 21:21:40,971 [Worker-37: Building workspace] INFO  o.e.m.c.i.embedder.EclipseLogger - skip non existing resourceDirectory C:\Users\joaov\Google Drive\raiz\atual\estudos\graduacao\20191\ine5426\tofu\commons\src\main\resources
2019-03-19 21:21:40,971 [Worker-37: Building workspace] INFO  o.e.m.c.i.embedder.EclipseLogger - Using 'UTF-8' encoding to copy filtered resources.
2019-03-19 21:21:40,971 [Worker-37: Building workspace] INFO  o.e.m.c.i.embedder.EclipseLogger - skip non existing resourceDirectory C:\Users\joaov\Google Drive\raiz\atual\estudos\graduacao\20191\ine5426\tofu\commons\src\test\resources
2019-03-19 21:21:41,002 [Worker-37: Building workspace] INFO  o.e.m.c.i.embedder.EclipseLogger - Using 'UTF-8' encoding to copy filtered resources.
2019-03-19 21:21:41,002 [Worker-37: Building workspace] INFO  o.e.m.c.i.embedder.EclipseLogger - skip non existing resourceDirectory C:\Users\joaov\Google Drive\raiz\atual\estudos\graduacao\20191\ine5426\tofu\tepal\src\main\resources
2019-03-19 21:21:41,002 [Worker-37: Building workspace] INFO  o.e.m.c.i.embedder.EclipseLogger - Using 'UTF-8' encoding to copy filtered resources.
2019-03-19 21:21:41,002 [Worker-37: Building workspace] INFO  o.e.m.c.i.embedder.EclipseLogger - skip non existing resourceDirectory C:\Users\joaov\Google Drive\raiz\atual\estudos\graduacao\20191\ine5426\tofu\tepal\src\test\resources
2019-03-19 21:22:01,996 [Worker-37: Building workspace] INFO  o.e.m.c.i.embedder.EclipseLogger - Using 'UTF-8' encoding to copy filtered resources.
2019-03-19 21:22:01,996 [Worker-37: Building workspace] INFO  o.e.m.c.i.embedder.EclipseLogger - skip non existing resourceDirectory C:\Users\joaov\Google Drive\raiz\atual\estudos\graduacao\20191\ine5426\tofu\tepal\src\main\resources
2019-03-19 21:22:01,996 [Worker-37: Building workspace] INFO  o.e.m.c.i.embedder.EclipseLogger - Using 'UTF-8' encoding to copy filtered resources.
2019-03-19 21:22:01,996 [Worker-37: Building workspace] INFO  o.e.m.c.i.embedder.EclipseLogger - skip non existing resourceDirectory C:\Users\joaov\Google Drive\raiz\atual\estudos\graduacao\20191\ine5426\tofu\tepal\src\test\resources
2019-03-19 21:22:08,691 [Worker-36: Building workspace] INFO  o.e.m.c.i.embedder.EclipseLogger - Using 'UTF-8' encoding to copy filtered resources.
2019-03-19 21:22:08,691 [Worker-36: Building workspace] INFO  o.e.m.c.i.embedder.EclipseLogger - skip non existing resourceDirectory C:\Users\joaov\Google Drive\raiz\atual\estudos\graduacao\20191\ine5426\tofu\tepal\src\main\resources
2019-03-19 21:22:08,707 [Worker-36: Building workspace] INFO  o.e.m.c.i.embedder.EclipseLogger - Using 'UTF-8' encoding to copy filtered resources.
2019-03-19 21:22:08,707 [Worker-36: Building workspace] INFO  o.e.m.c.i.embedder.EclipseLogger - skip non existing resourceDirectory C:\Users\joaov\Google Drive\raiz\atual\estudos\graduacao\20191\ine5426\tofu\tepal\src\test\resources
2019-03-19 21:23:12,368 [Worker-34: Building workspace] INFO  o.e.m.c.i.embedder.EclipseLogger - Using 'UTF-8' encoding to copy filtered resources.
2019-03-19 21:23:12,368 [Worker-34: Building workspace] INFO  o.e.m.c.i.embedder.EclipseLogger - skip non existing resourceDirectory C:\Users\joaov\Google Drive\raiz\atual\estudos\graduacao\20191\ine5426\tofu\tepal\src\main\resources
2019-03-19 21:23:12,368 [Worker-34: Building workspace] INFO  o.e.m.c.i.embedder.EclipseLogger - Using 'UTF-8' encoding to copy filtered resources.
2019-03-19 21:23:12,368 [Worker-34: Building workspace] INFO  o.e.m.c.i.embedder.EclipseLogger - skip non existing resourceDirectory C:\Users\joaov\Google Drive\raiz\atual\estudos\graduacao\20191\ine5426\tofu\tepal\src\test\resources
2019-03-19 21:23:24,109 [Worker-20: Building workspace] INFO  o.e.m.c.i.embedder.EclipseLogger - Using 'UTF-8' encoding to copy filtered resources.
2019-03-19 21:23:24,109 [Worker-20: Building workspace] INFO  o.e.m.c.i.embedder.EclipseLogger - skip non existing resourceDirectory C:\Users\joaov\Google Drive\raiz\atual\estudos\graduacao\20191\ine5426\tofu\tepal\src\main\resources
2019-03-19 21:23:24,109 [Worker-20: Building workspace] INFO  o.e.m.c.i.embedder.EclipseLogger - Using 'UTF-8' encoding to copy filtered resources.
2019-03-19 21:23:24,109 [Worker-20: Building workspace] INFO  o.e.m.c.i.embedder.EclipseLogger - skip non existing resourceDirectory C:\Users\joaov\Google Drive\raiz\atual\estudos\graduacao\20191\ine5426\tofu\tepal\src\test\resources
2019-03-19 21:24:28,744 [Worker-36: Building workspace] INFO  o.e.m.c.i.embedder.EclipseLogger - Using 'UTF-8' encoding to copy filtered resources.
2019-03-19 21:24:28,744 [Worker-36: Building workspace] INFO  o.e.m.c.i.embedder.EclipseLogger - skip non existing resourceDirectory C:\Users\joaov\Google Drive\raiz\atual\estudos\graduacao\20191\ine5426\tofu\tepal\src\main\resources
2019-03-19 21:24:28,744 [Worker-36: Building workspace] INFO  o.e.m.c.i.embedder.EclipseLogger - Using 'UTF-8' encoding to copy filtered resources.
2019-03-19 21:24:28,744 [Worker-36: Building workspace] INFO  o.e.m.c.i.embedder.EclipseLogger - skip non existing resourceDirectory C:\Users\joaov\Google Drive\raiz\atual\estudos\graduacao\20191\ine5426\tofu\tepal\src\test\resources
2019-03-19 21:25:30,811 [Worker-36: Building workspace] INFO  o.e.m.c.i.embedder.EclipseLogger - Using 'UTF-8' encoding to copy filtered resources.
2019-03-19 21:25:30,811 [Worker-36: Building workspace] INFO  o.e.m.c.i.embedder.EclipseLogger - skip non existing resourceDirectory C:\Users\joaov\Google Drive\raiz\atual\estudos\graduacao\20191\ine5426\tofu\commons\src\main\resources
2019-03-19 21:25:30,811 [Worker-36: Building workspace] INFO  o.e.m.c.i.embedder.EclipseLogger - Using 'UTF-8' encoding to copy filtered resources.
2019-03-19 21:25:30,811 [Worker-36: Building workspace] INFO  o.e.m.c.i.embedder.EclipseLogger - skip non existing resourceDirectory C:\Users\joaov\Google Drive\raiz\atual\estudos\graduacao\20191\ine5426\tofu\commons\src\test\resources
2019-03-19 21:25:36,796 [Worker-38: Building workspace] INFO  o.e.m.c.i.embedder.EclipseLogger - Using 'UTF-8' encoding to copy filtered resources.
2019-03-19 21:25:36,796 [Worker-38: Building workspace] INFO  o.e.m.c.i.embedder.EclipseLogger - skip non existing resourceDirectory C:\Users\joaov\Google Drive\raiz\atual\estudos\graduacao\20191\ine5426\tofu\commons\src\main\resources
2019-03-19 21:25:36,796 [Worker-38: Building workspace] INFO  o.e.m.c.i.embedder.EclipseLogger - Using 'UTF-8' encoding to copy filtered resources.
2019-03-19 21:25:36,796 [Worker-38: Building workspace] INFO  o.e.m.c.i.embedder.EclipseLogger - skip non existing resourceDirectory C:\Users\joaov\Google Drive\raiz\atual\estudos\graduacao\20191\ine5426\tofu\commons\src\test\resources
2019-03-19 21:25:42,281 [Worker-23: Building workspace] INFO  o.e.m.c.i.embedder.EclipseLogger - Using 'UTF-8' encoding to copy filtered resources.
2019-03-19 21:25:42,297 [Worker-23: Building workspace] INFO  o.e.m.c.i.embedder.EclipseLogger - skip non existing resourceDirectory C:\Users\joaov\Google Drive\raiz\atual\estudos\graduacao\20191\ine5426\tofu\commons\src\main\resources
2019-03-19 21:25:42,297 [Worker-23: Building workspace] INFO  o.e.m.c.i.embedder.EclipseLogger - Using 'UTF-8' encoding to copy filtered resources.
2019-03-19 21:25:42,297 [Worker-23: Building workspace] INFO  o.e.m.c.i.embedder.EclipseLogger - skip non existing resourceDirectory C:\Users\joaov\Google Drive\raiz\atual\estudos\graduacao\20191\ine5426\tofu\commons\src\test\resources
2019-03-19 21:26:12,890 [Worker-23: Building workspace] INFO  o.e.m.c.i.embedder.EclipseLogger - Using 'UTF-8' encoding to copy filtered resources.
2019-03-19 21:26:12,906 [Worker-23: Building workspace] INFO  o.e.m.c.i.embedder.EclipseLogger - skip non existing resourceDirectory C:\Users\joaov\Google Drive\raiz\atual\estudos\graduacao\20191\ine5426\tofu\tepal\src\main\resources
2019-03-19 21:26:12,906 [Worker-23: Building workspace] INFO  o.e.m.c.i.embedder.EclipseLogger - Using 'UTF-8' encoding to copy filtered resources.
2019-03-19 21:26:12,906 [Worker-23: Building workspace] INFO  o.e.m.c.i.embedder.EclipseLogger - skip non existing resourceDirectory C:\Users\joaov\Google Drive\raiz\atual\estudos\graduacao\20191\ine5426\tofu\tepal\src\test\resources
2019-03-19 21:26:43,984 [Worker-34: Building workspace] INFO  o.e.m.c.i.embedder.EclipseLogger - Using 'UTF-8' encoding to copy filtered resources.
2019-03-19 21:26:44,002 [Worker-34: Building workspace] INFO  o.e.m.c.i.embedder.EclipseLogger - skip non existing resourceDirectory C:\Users\joaov\Google Drive\raiz\atual\estudos\graduacao\20191\ine5426\tofu\tepal\src\main\resources
2019-03-19 21:26:44,007 [Worker-34: Building workspace] INFO  o.e.m.c.i.embedder.EclipseLogger - Using 'UTF-8' encoding to copy filtered resources.
2019-03-19 21:26:44,007 [Worker-34: Building workspace] INFO  o.e.m.c.i.embedder.EclipseLogger - skip non existing resourceDirectory C:\Users\joaov\Google Drive\raiz\atual\estudos\graduacao\20191\ine5426\tofu\tepal\src\test\resources
2019-03-19 21:27:57,084 [Worker-38: Building workspace] INFO  o.e.m.c.i.embedder.EclipseLogger - Using 'UTF-8' encoding to copy filtered resources.
2019-03-19 21:27:57,084 [Worker-38: Building workspace] INFO  o.e.m.c.i.embedder.EclipseLogger - skip non existing resourceDirectory C:\Users\joaov\Google Drive\raiz\atual\estudos\graduacao\20191\ine5426\tofu\tepal\src\main\resources
2019-03-19 21:27:57,084 [Worker-38: Building workspace] INFO  o.e.m.c.i.embedder.EclipseLogger - Using 'UTF-8' encoding to copy filtered resources.
2019-03-19 21:27:57,084 [Worker-38: Building workspace] INFO  o.e.m.c.i.embedder.EclipseLogger - skip non existing resourceDirectory C:\Users\joaov\Google Drive\raiz\atual\estudos\graduacao\20191\ine5426\tofu\tepal\src\test\resources
2019-03-19 21:28:36,520 [Worker-39: Building workspace] INFO  o.e.m.c.i.embedder.EclipseLogger - Using 'UTF-8' encoding to copy filtered resources.
2019-03-19 21:28:36,520 [Worker-39: Building workspace] INFO  o.e.m.c.i.embedder.EclipseLogger - skip non existing resourceDirectory C:\Users\joaov\Google Drive\raiz\atual\estudos\graduacao\20191\ine5426\tofu\tepal\src\main\resources
2019-03-19 21:28:36,520 [Worker-39: Building workspace] INFO  o.e.m.c.i.embedder.EclipseLogger - Using 'UTF-8' encoding to copy filtered resources.
2019-03-19 21:28:36,520 [Worker-39: Building workspace] INFO  o.e.m.c.i.embedder.EclipseLogger - skip non existing resourceDirectory C:\Users\joaov\Google Drive\raiz\atual\estudos\graduacao\20191\ine5426\tofu\tepal\src\test\resources
2019-03-19 21:29:20,313 [Worker-35: Building workspace] INFO  o.e.m.c.i.embedder.EclipseLogger - Using 'UTF-8' encoding to copy filtered resources.
2019-03-19 21:29:20,313 [Worker-35: Building workspace] INFO  o.e.m.c.i.embedder.EclipseLogger - skip non existing resourceDirectory C:\Users\joaov\Google Drive\raiz\atual\estudos\graduacao\20191\ine5426\tofu\tepal\src\main\resources
2019-03-19 21:29:20,313 [Worker-35: Building workspace] INFO  o.e.m.c.i.embedder.EclipseLogger - Using 'UTF-8' encoding to copy filtered resources.
2019-03-19 21:29:20,313 [Worker-35: Building workspace] INFO  o.e.m.c.i.embedder.EclipseLogger - skip non existing resourceDirectory C:\Users\joaov\Google Drive\raiz\atual\estudos\graduacao\20191\ine5426\tofu\tepal\src\test\resources
2019-03-19 21:30:04,202 [Worker-34: Building workspace] INFO  o.e.m.c.i.embedder.EclipseLogger - Using 'UTF-8' encoding to copy filtered resources.
2019-03-19 21:30:04,202 [Worker-34: Building workspace] INFO  o.e.m.c.i.embedder.EclipseLogger - skip non existing resourceDirectory C:\Users\joaov\Google Drive\raiz\atual\estudos\graduacao\20191\ine5426\tofu\tepal\src\main\resources
2019-03-19 21:30:04,218 [Worker-34: Building workspace] INFO  o.e.m.c.i.embedder.EclipseLogger - Using 'UTF-8' encoding to copy filtered resources.
2019-03-19 21:30:04,218 [Worker-34: Building workspace] INFO  o.e.m.c.i.embedder.EclipseLogger - skip non existing resourceDirectory C:\Users\joaov\Google Drive\raiz\atual\estudos\graduacao\20191\ine5426\tofu\tepal\src\test\resources
2019-03-19 21:30:25,406 [Worker-20: Building workspace] INFO  o.e.m.c.i.embedder.EclipseLogger - Using 'UTF-8' encoding to copy filtered resources.
2019-03-19 21:30:25,406 [Worker-20: Building workspace] INFO  o.e.m.c.i.embedder.EclipseLogger - skip non existing resourceDirectory C:\Users\joaov\Google Drive\raiz\atual\estudos\graduacao\20191\ine5426\tofu\tepal\src\main\resources
2019-03-19 21:30:25,406 [Worker-20: Building workspace] INFO  o.e.m.c.i.embedder.EclipseLogger - Using 'UTF-8' encoding to copy filtered resources.
2019-03-19 21:30:25,406 [Worker-20: Building workspace] INFO  o.e.m.c.i.embedder.EclipseLogger - skip non existing resourceDirectory C:\Users\joaov\Google Drive\raiz\atual\estudos\graduacao\20191\ine5426\tofu\tepal\src\test\resources
2019-03-19 21:31:21,425 [Worker-23: Building workspace] INFO  o.e.m.c.i.embedder.EclipseLogger - Using 'UTF-8' encoding to copy filtered resources.
2019-03-19 21:31:21,425 [Worker-23: Building workspace] INFO  o.e.m.c.i.embedder.EclipseLogger - skip non existing resourceDirectory C:\Users\joaov\Google Drive\raiz\atual\estudos\graduacao\20191\ine5426\tofu\tepal\src\main\resources
2019-03-19 21:31:21,440 [Worker-23: Building workspace] INFO  o.e.m.c.i.embedder.EclipseLogger - Using 'UTF-8' encoding to copy filtered resources.
2019-03-19 21:31:21,440 [Worker-23: Building workspace] INFO  o.e.m.c.i.embedder.EclipseLogger - skip non existing resourceDirectory C:\Users\joaov\Google Drive\raiz\atual\estudos\graduacao\20191\ine5426\tofu\tepal\src\test\resources
2019-03-22 12:48:09,944 [Worker-1: Loading available Gradle versions] INFO  c.g.t.t.d.PublishedGradleVersions - Gradle version information cache is out-of-date. Trying to update.
2019-03-22 12:48:32,984 [Worker-4: Updating Maven Dependencies] INFO  o.e.m.c.i.l.LifecycleMappingFactory - Using org.eclipse.m2e.jdt.JarLifecycleMapping lifecycle mapping for MavenProject: io.tofu:commons:0.0.1 @ C:\Users\joaov\Google Drive\raiz\atual\estudos\graduacao\20191\ine5426\tofu\commons\pom.xml.
2019-03-22 12:48:32,984 [Worker-7: Building workspace] INFO  o.e.m.c.i.l.LifecycleMappingFactory - Using org.eclipse.m2e.jdt.JarLifecycleMapping lifecycle mapping for MavenProject: io.tofu:commons:0.0.1 @ C:\Users\joaov\Google Drive\raiz\atual\estudos\graduacao\20191\ine5426\tofu\commons\pom.xml.
2019-03-22 12:48:38,729 [Worker-7: Building workspace] INFO  o.e.m.c.i.embedder.EclipseLogger - Using 'UTF-8' encoding to copy filtered resources.
2019-03-22 12:48:38,729 [Worker-7: Building workspace] INFO  o.e.m.c.i.embedder.EclipseLogger - skip non existing resourceDirectory C:\Users\joaov\Google Drive\raiz\atual\estudos\graduacao\20191\ine5426\tofu\commons\src\main\resources
2019-03-22 12:48:38,948 [Worker-7: Building workspace] INFO  o.e.m.c.i.embedder.EclipseLogger - Using 'UTF-8' encoding to copy filtered resources.
2019-03-22 12:48:38,948 [Worker-7: Building workspace] INFO  o.e.m.c.i.embedder.EclipseLogger - skip non existing resourceDirectory C:\Users\joaov\Google Drive\raiz\atual\estudos\graduacao\20191\ine5426\tofu\commons\src\test\resources
2019-03-22 12:48:38,950 [Worker-0: Updating Maven Dependencies] INFO  o.e.m.c.i.l.LifecycleMappingFactory - Using org.eclipse.m2e.jdt.JarLifecycleMapping lifecycle mapping for MavenProject: io.tofu:commons:0.0.1 @ C:\Users\joaov\Google Drive\raiz\atual\estudos\graduacao\20191\ine5426\tofu\commons\pom.xml.
2019-03-22 12:48:39,090 [Worker-0: Updating Maven Dependencies] INFO  o.e.m.c.i.l.LifecycleMappingFactory - Using org.eclipse.m2e.jdt.JarLifecycleMapping lifecycle mapping for MavenProject: io.tofu:tepal:0.0.1 @ C:\Users\joaov\Google Drive\raiz\atual\estudos\graduacao\20191\ine5426\tofu\tepal\pom.xml.
2019-03-22 12:48:39,094 [Worker-0: Updating Maven Dependencies] INFO  o.e.m.c.i.p.WorkspaceClassifierResolverManager - Resolving P/commons: io.tofu:commons:0.0.1 with classifier  to /commons/target/classes
2019-03-22 12:48:39,144 [Worker-0: Updating Maven Dependencies] INFO  o.e.m.c.i.l.LifecycleMappingFactory - Using org.eclipse.m2e.jdt.JarLifecycleMapping lifecycle mapping for MavenProject: io.tofu:tepc:0.0.1 @ C:\Users\joaov\Google Drive\raiz\atual\estudos\graduacao\20191\ine5426\tofu\tepc\pom.xml.
2019-03-22 12:48:39,195 [Worker-0: Updating Maven Dependencies] INFO  o.e.m.c.i.l.LifecycleMappingFactory - Using org.eclipse.m2e.jdt.JarLifecycleMapping lifecycle mapping for MavenProject: io.tofu:teprl:0.0.1 @ C:\Users\joaov\Google Drive\raiz\atual\estudos\graduacao\20191\ine5426\tofu\teprl\pom.xml.
2019-03-22 12:48:39,862 [Worker-4: Building workspace] INFO  o.e.m.c.i.embedder.EclipseLogger - Using 'UTF-8' encoding to copy filtered resources.
2019-03-22 12:48:39,862 [Worker-4: Building workspace] INFO  o.e.m.c.i.embedder.EclipseLogger - skip non existing resourceDirectory C:\Users\joaov\Google Drive\raiz\atual\estudos\graduacao\20191\ine5426\tofu\commons\src\main\resources
2019-03-22 12:48:39,863 [Worker-4: Building workspace] INFO  o.e.m.c.i.embedder.EclipseLogger - Using 'UTF-8' encoding to copy filtered resources.
2019-03-22 12:48:39,863 [Worker-4: Building workspace] INFO  o.e.m.c.i.embedder.EclipseLogger - skip non existing resourceDirectory C:\Users\joaov\Google Drive\raiz\atual\estudos\graduacao\20191\ine5426\tofu\commons\src\test\resources
2019-03-22 12:48:39,949 [Worker-4: Building workspace] INFO  o.e.m.c.i.p.WorkspaceClassifierResolverManager - Resolving P/commons: io.tofu:commons:0.0.1 with classifier  to /commons/target/classes
2019-03-22 12:48:39,951 [Worker-4: Building workspace] INFO  o.e.m.c.i.embedder.EclipseLogger - Using 'UTF-8' encoding to copy filtered resources.
2019-03-22 12:48:39,951 [Worker-4: Building workspace] INFO  o.e.m.c.i.embedder.EclipseLogger - skip non existing resourceDirectory C:\Users\joaov\Google Drive\raiz\atual\estudos\graduacao\20191\ine5426\tofu\tepal\src\main\resources
2019-03-22 12:48:39,952 [Worker-4: Building workspace] INFO  o.e.m.c.i.embedder.EclipseLogger - Using 'UTF-8' encoding to copy filtered resources.
2019-03-22 12:48:39,958 [Worker-4: Building workspace] INFO  o.e.m.c.i.embedder.EclipseLogger - skip non existing resourceDirectory C:\Users\joaov\Google Drive\raiz\atual\estudos\graduacao\20191\ine5426\tofu\tepal\src\test\resources
2019-03-22 12:48:40,064 [Worker-4: Building workspace] INFO  o.e.m.c.i.embedder.EclipseLogger - Using 'UTF-8' encoding to copy filtered resources.
2019-03-22 12:48:40,064 [Worker-4: Building workspace] INFO  o.e.m.c.i.embedder.EclipseLogger - skip non existing resourceDirectory C:\Users\joaov\Google Drive\raiz\atual\estudos\graduacao\20191\ine5426\tofu\tepc\src\main\resources
2019-03-22 12:48:40,065 [Worker-4: Building workspace] INFO  o.e.m.c.i.embedder.EclipseLogger - Using 'UTF-8' encoding to copy filtered resources.
2019-03-22 12:48:40,069 [Worker-4: Building workspace] INFO  o.e.m.c.i.embedder.EclipseLogger - skip non existing resourceDirectory C:\Users\joaov\Google Drive\raiz\atual\estudos\graduacao\20191\ine5426\tofu\tepc\src\test\resources
2019-03-22 12:48:40,226 [Worker-4: Building workspace] INFO  o.e.m.c.i.embedder.EclipseLogger - Using 'UTF-8' encoding to copy filtered resources.
2019-03-22 12:48:40,226 [Worker-4: Building workspace] INFO  o.e.m.c.i.embedder.EclipseLogger - skip non existing resourceDirectory C:\Users\joaov\Google Drive\raiz\atual\estudos\graduacao\20191\ine5426\tofu\teprl\src\main\resources
2019-03-22 12:48:40,228 [Worker-4: Building workspace] INFO  o.e.m.c.i.embedder.EclipseLogger - Using 'UTF-8' encoding to copy filtered resources.
2019-03-22 12:48:40,228 [Worker-4: Building workspace] INFO  o.e.m.c.i.embedder.EclipseLogger - skip non existing resourceDirectory C:\Users\joaov\Google Drive\raiz\atual\estudos\graduacao\20191\ine5426\tofu\teprl\src\test\resources
